Discrepancy Report Results

Summary
FATAL: MISSING_PROTEIN_ID:11 proteins have invalid IDs.
DISC_SOURCE_QUALS_ASNDISC:strain (all present, all same)
DISC_SOURCE_QUALS_ASNDISC:taxname (all present, all same)
DISC_FEATURE_COUNT:CDS: 11 present
DISC_COUNT_NUCLEOTIDES:2 nucleotide Bioseqs are present
FEATURE_LOCATION_CONFLICT:11 features have inconsistent gene locations.
OVERLAPPING_CDS:2 coding regions overlap another coding region with a similar or identical name.
DISC_QUALITY_SCORES:Quality scores are missing on all sequences.
ONCALLER_COMMENT_PRESENT:2 comment descriptors were found (all same)
MISSING_GENOMEASSEMBLY_COMMENTS:2 bioseqs are missing GenomeAssembly structured comments
MOLTYPE_NOT_MRNA:2 molecule types are not set as mRNA.
TECHNIQUE_NOT_TSA:2 technique are not set as TSA
MISSING_STRUCTURED_COMMENT:2 sequences do not include structured comments.
MISSING_PROJECT:13 sequences do not include project.
DISC_INCONSISTENT_MOLINFO_TECH:Molinfo Technique Report (some missing, all same)


Detailed Report

FATAL: DiscRep_ALL:MISSING_PROTEIN_ID::11 proteins halid nvalid IDs.
Examples/2-res-Annotate-prokka/tmp_files/genome1.fst_prokka-split5N.fna-prokkaRes/EXAM.1219.00001:genome1_1_1 (length 555)
Examples/2-res-Annotate-prokka/tmp_files/genome1.fst_prokka-split5N.fna-prokkaRes/EXAM.1219.00001:genome1_1_2 (length 276)
Examples/2-res-Annotate-prokka/tmp_files/genome1.fst_prokka-split5N.fna-prokkaRes/EXAM.1219.00001:genome1_2_1 (length 126)
Examples/2-res-Annotate-prokka/tmp_files/genome1.fst_prokka-split5N.fna-prokkaRes/EXAM.1219.00001:genome1_2_2 (length 469)
Examples/2-res-Annotate-prokka/tmp_files/genome1.fst_prokka-split5N.fna-prokkaRes/EXAM.1219.00001:genome1_2_3 (length 257)
Examples/2-res-Annotate-prokka/tmp_files/genome1.fst_prokka-split5N.fna-prokkaRes/EXAM.1219.00001:genome1_2_4 (length 244)
Examples/2-res-Annotate-prokka/tmp_files/genome1.fst_prokka-split5N.fna-prokkaRes/EXAM.1219.00001:genome1_2_5 (length 275)
Examples/2-res-Annotate-prokka/tmp_files/genome1.fst_prokka-split5N.fna-prokkaRes/EXAM.1219.00001:genome1_2_6 (length 154)
Examples/2-res-Annotate-prokka/tmp_files/genome1.fst_prokka-split5N.fna-prokkaRes/EXAM.1219.00001:genome1_2_7 (length 86)
Examples/2-res-Annotate-prokka/tmp_files/genome1.fst_prokka-split5N.fna-prokkaRes/EXAM.1219.00001:genome1_2_8 (length 193)
Examples/2-res-Annotate-prokka/tmp_files/genome1.fst_prokka-split5N.fna-prokkaRes/EXAM.1219.00001:genome1_2_9 (length 435)

DiscRep_ALL:DISC_SOURCE_QUALS_ASNDISC::strain (all present, all same)
DiscRep_SUB:DISC_SOURCE_QUALS_ASNDISC::2 sources have 'strain' for strain
DiscRep_ALL:DISC_SOURCE_QUALS_ASNDISC::taxname (all present, all same)
DiscRep_SUB:DISC_SOURCE_QUALS_ASNDISC::2 sources have 'Genus species' for taxname
DiscRep_ALL:DISC_FEATURE_COUNT::CDS: 11 present
DiscRep_ALL:DISC_COUNT_NUCLEOTIDES::2 nucleotide Bioseqs are present
Examples/2-res-Annotate-prokka/tmp_files/genome1.fst_prokka-split5N.fna-prokkaRes/EXAM.1219.00001:genome1_1 (length 2784)
Examples/2-res-Annotate-prokka/tmp_files/genome1.fst_prokka-split5N.fna-prokkaRes/EXAM.1219.00001:genome1_2 (length 7024)

DiscRep_ALL:FEATURE_LOCATION_CONFLICT::11 features have inconsistent gene locations.
DiscRep_SUB:FEATURE_LOCATION_CONFLICT::Coding region xref gene does not exist
Examples/2-res-Annotate-prokka/tmp_files/genome1.fst_prokka-split5N.fna-prokkaRes/EXAM.1219.00001:CDS	Glutamine--tRNA ligase	genome1_1:213-1880	GKEGNCBE_00001

DiscRep_SUB:FEATURE_LOCATION_CONFLICT::Coding region xref gene does not exist
Examples/2-res-Annotate-prokka/tmp_files/genome1.fst_prokka-split5N.fna-prokkaRes/EXAM.1219.00001:CDS	N-acetylmuramoyl-L-alanine amidase AmiD	genome1_1:1916-2746	GKEGNCBE_00002

DiscRep_SUB:FEATURE_LOCATION_CONFLICT::Coding region xref gene does not exist
Examples/2-res-Annotate-prokka/tmp_files/genome1.fst_prokka-split5N.fna-prokkaRes/EXAM.1219.00001:CDS	5-carboxymethyl-2-hydroxymuconate Delta-isomerase	genome1_2:16-396	GKEGNCBE_00003

DiscRep_SUB:FEATURE_LOCATION_CONFLICT::Coding region xref gene does not exist
Examples/2-res-Annotate-prokka/tmp_files/genome1.fst_prokka-split5N.fna-prokkaRes/EXAM.1219.00001:CDS	hypothetical protein	genome1_2:428-1837	GKEGNCBE_00004

DiscRep_SUB:FEATURE_LOCATION_CONFLICT::Coding region xref gene does not exist
Examples/2-res-Annotate-prokka/tmp_files/genome1.fst_prokka-split5N.fna-prokkaRes/EXAM.1219.00001:CDS	Histidine transport ATP-binding protein HisP	genome1_2:1869-2642	GKEGNCBE_00005

DiscRep_SUB:FEATURE_LOCATION_CONFLICT::Coding region xref gene does not exist
Examples/2-res-Annotate-prokka/tmp_files/genome1.fst_prokka-split5N.fna-prokkaRes/EXAM.1219.00001:CDS	tRNA (guanine-N(1)-)-methyltransferase	genome1_2:2709-3443	GKEGNCBE_00006

DiscRep_SUB:FEATURE_LOCATION_CONFLICT::Coding region xref gene does not exist
Examples/2-res-Annotate-prokka/tmp_files/genome1.fst_prokka-split5N.fna-prokkaRes/EXAM.1219.00001:CDS	tRNA (guanine-N(1)-)-methyltransferase	genome1_2:3427-4254	GKEGNCBE_00007

DiscRep_SUB:FEATURE_LOCATION_CONFLICT::Coding region xref gene does not exist
Examples/2-res-Annotate-prokka/tmp_files/genome1.fst_prokka-split5N.fna-prokkaRes/EXAM.1219.00001:CDS	hypothetical protein	genome1_2:4299-4763	GKEGNCBE_00008

DiscRep_SUB:FEATURE_LOCATION_CONFLICT::Coding region xref gene does not exist
Examples/2-res-Annotate-prokka/tmp_files/genome1.fst_prokka-split5N.fna-prokkaRes/EXAM.1219.00001:CDS	hypothetical protein	genome1_2:4818-5078	GKEGNCBE_00009

DiscRep_SUB:FEATURE_LOCATION_CONFLICT::Coding region xref gene does not exist
Examples/2-res-Annotate-prokka/tmp_files/genome1.fst_prokka-split5N.fna-prokkaRes/EXAM.1219.00001:CDS	hypothetical protein	genome1_2:5117-5698	GKEGNCBE_00010

DiscRep_SUB:FEATURE_LOCATION_CONFLICT::Coding region xref gene does not exist
Examples/2-res-Annotate-prokka/tmp_files/genome1.fst_prokka-split5N.fna-prokkaRes/EXAM.1219.00001:CDS	C4-dicarboxylate TRAP transporter large permease protein DctM	genome1_2:5717-7024	GKEGNCBE_00011

DiscRep_ALL:OVERLAPPING_CDS::2 coding regions overlap another coding region with a similar or identical name.
DiscRep_SUB:OVERLAPPING_CDS::2 coding regions overlap another coding region with a similar or identical name that do not have the appropriate note text
Examples/2-res-Annotate-prokka/tmp_files/genome1.fst_prokka-split5N.fna-prokkaRes/EXAM.1219.00001:CDS	tRNA (guanine-N(1)-)-methyltransferase	genome1_2:2709-3443	GKEGNCBE_00006
Examples/2-res-Annotate-prokka/tmp_files/genome1.fst_prokka-split5N.fna-prokkaRes/EXAM.1219.00001:CDS	tRNA (guanine-N(1)-)-methyltransferase	genome1_2:3427-4254	GKEGNCBE_00007

DiscRep_ALL:DISC_QUALITY_SCORES::Quality scores are missing on all sequences.

DiscRep_ALL:ONCALLER_COMMENT_PRESENT::2 comment descriptors were found (all same)
Examples/2-res-Annotate-prokka/tmp_files/genome1.fst_prokka-split5N.fna-prokkaRes/EXAM.1219.00001:genome1_1:Annotated using prokka 1.14.5 from https://github.com/tseemann/prokka
Examples/2-res-Annotate-prokka/tmp_files/genome1.fst_prokka-split5N.fna-prokkaRes/EXAM.1219.00001:genome1_2:Annotated using prokka 1.14.5 from https://github.com/tseemann/prokka

DiscRep_ALL:MISSING_GENOMEASSEMBLY_COMMENTS::2 bioseqs are missing GenomeAssembly structured comments
Examples/2-res-Annotate-prokka/tmp_files/genome1.fst_prokka-split5N.fna-prokkaRes/EXAM.1219.00001:genome1_1 (length 2784)
Examples/2-res-Annotate-prokka/tmp_files/genome1.fst_prokka-split5N.fna-prokkaRes/EXAM.1219.00001:genome1_2 (length 7024)

DiscRep_ALL:MOLTYPE_NOT_MRNA::2 molecule types are not set as mRNA.
Examples/2-res-Annotate-prokka/tmp_files/genome1.fst_prokka-split5N.fna-prokkaRes/EXAM.1219.00001:genome1_1 (length 2784)
Examples/2-res-Annotate-prokka/tmp_files/genome1.fst_prokka-split5N.fna-prokkaRes/EXAM.1219.00001:genome1_2 (length 7024)

DiscRep_ALL:TECHNIQUE_NOT_TSA::2 technique are not set as TSA
Examples/2-res-Annotate-prokka/tmp_files/genome1.fst_prokka-split5N.fna-prokkaRes/EXAM.1219.00001:genome1_1 (length 2784)
Examples/2-res-Annotate-prokka/tmp_files/genome1.fst_prokka-split5N.fna-prokkaRes/EXAM.1219.00001:genome1_2 (length 7024)

DiscRep_ALL:MISSING_STRUCTURED_COMMENT::2 sequences do not include structured comments.
Examples/2-res-Annotate-prokka/tmp_files/genome1.fst_prokka-split5N.fna-prokkaRes/EXAM.1219.00001:genome1_1 (length 2784)
Examples/2-res-Annotate-prokka/tmp_files/genome1.fst_prokka-split5N.fna-prokkaRes/EXAM.1219.00001:genome1_2 (length 7024)

DiscRep_ALL:MISSING_PROJECT::13 sequences do not include project.
Examples/2-res-Annotate-prokka/tmp_files/genome1.fst_prokka-split5N.fna-prokkaRes/EXAM.1219.00001:genome1_1 (length 2784)
Examples/2-res-Annotate-prokka/tmp_files/genome1.fst_prokka-split5N.fna-prokkaRes/EXAM.1219.00001:genome1_1_1 (length 555)
Examples/2-res-Annotate-prokka/tmp_files/genome1.fst_prokka-split5N.fna-prokkaRes/EXAM.1219.00001:genome1_1_2 (length 276)
Examples/2-res-Annotate-prokka/tmp_files/genome1.fst_prokka-split5N.fna-prokkaRes/EXAM.1219.00001:genome1_2 (length 7024)
Examples/2-res-Annotate-prokka/tmp_files/genome1.fst_prokka-split5N.fna-prokkaRes/EXAM.1219.00001:genome1_2_1 (length 126)
Examples/2-res-Annotate-prokka/tmp_files/genome1.fst_prokka-split5N.fna-prokkaRes/EXAM.1219.00001:genome1_2_2 (length 469)
Examples/2-res-Annotate-prokka/tmp_files/genome1.fst_prokka-split5N.fna-prokkaRes/EXAM.1219.00001:genome1_2_3 (length 257)
Examples/2-res-Annotate-prokka/tmp_files/genome1.fst_prokka-split5N.fna-prokkaRes/EXAM.1219.00001:genome1_2_4 (length 244)
Examples/2-res-Annotate-prokka/tmp_files/genome1.fst_prokka-split5N.fna-prokkaRes/EXAM.1219.00001:genome1_2_5 (length 275)
Examples/2-res-Annotate-prokka/tmp_files/genome1.fst_prokka-split5N.fna-prokkaRes/EXAM.1219.00001:genome1_2_6 (length 154)
Examples/2-res-Annotate-prokka/tmp_files/genome1.fst_prokka-split5N.fna-prokkaRes/EXAM.1219.00001:genome1_2_7 (length 86)
Examples/2-res-Annotate-prokka/tmp_files/genome1.fst_prokka-split5N.fna-prokkaRes/EXAM.1219.00001:genome1_2_8 (length 193)
Examples/2-res-Annotate-prokka/tmp_files/genome1.fst_prokka-split5N.fna-prokkaRes/EXAM.1219.00001:genome1_2_9 (length 435)

DiscRep_ALL:DISC_INCONSISTENT_MOLINFO_TECH::Molinfo Technique Report (some missing, all same)
DiscRep_SUB:DISC_INCONSISTENT_MOLINFO_TECH::technique (all missing)
DiscRep_SUB:DISC_INCONSISTENT_MOLINFO_TECH::2 Molinfos are missing field technique
Examples/2-res-Annotate-prokka/tmp_files/genome1.fst_prokka-split5N.fna-prokkaRes/EXAM.1219.00001:genome1_1 (length 2784)
Examples/2-res-Annotate-prokka/tmp_files/genome1.fst_prokka-split5N.fna-prokkaRes/EXAM.1219.00001:genome1_2 (length 7024)

