[13:15:21] This is prokka 1.14.5
[13:15:21] Written by Torsten Seemann <torsten.seemann@gmail.com>
[13:15:21] Homepage is https://github.com/tseemann/prokka
[13:15:21] Local time is Mon Dec  9 13:15:21 2019
[13:15:21] You are aperrin
[13:15:21] Operating system is darwin
[13:15:21] You have BioPerl 1.007002
[13:15:21] System has 8 cores.
[13:15:21] Will use maximum of 1 cores.
[13:15:21] Annotating as >>> Bacteria <<<
[13:15:21] Generating locus_tag from 'Examples/2-res-Annotate-prokka/tmp_files/genome1.fst_prokka-split5N.fna' contents.
[13:15:21] Setting --locustag GKEGNCBE from MD5 04e07cbef9b8a6b8d550f0d6ed3a8746
[13:15:21] Creating new output folder: Examples/2-res-Annotate-prokka/tmp_files/genome1.fst_prokka-split5N.fna-prokkaRes
[13:15:21] Running: mkdir -p Examples\/2\-res\-Annotate\-prokka\/tmp_files\/genome1\.fst_prokka\-split5N\.fna\-prokkaRes
[13:15:21] Using filename prefix: EXAM.1219.00001.XXX
[13:15:21] Setting HMMER_NCPU=1
[13:15:21] Writing log to: Examples/2-res-Annotate-prokka/tmp_files/genome1.fst_prokka-split5N.fna-prokkaRes/EXAM.1219.00001.log
[13:15:21] Command: /usr/local/bin/prokka --outdir Examples/2-res-Annotate-prokka/tmp_files/genome1.fst_prokka-split5N.fna-prokkaRes --cpus 1 --prefix EXAM.1219.00001 Examples/2-res-Annotate-prokka/tmp_files/genome1.fst_prokka-split5N.fna
[13:15:21] Appending to PATH: /Users/aperrin/Softwares/src/prokka-dec.19/bin/../binaries/darwin
[13:15:21] Appending to PATH: /Users/aperrin/Softwares/src/prokka-dec.19/bin/../binaries/darwin/../common
[13:15:21] Appending to PATH: /Users/aperrin/Softwares/src/prokka-dec.19/bin
[13:15:21] Looking for 'aragorn' - found /usr/local/bin/aragorn
[13:15:21] Determined aragorn version is 001002 from 'ARAGORN v1.2.38 Dean Laslett'
[13:15:21] Looking for 'barrnap' - found /usr/local/bin/barrnap
[13:15:21] Determined barrnap version is 000008 from 'barrnap 0.8'
[13:15:21] Looking for 'blastp' - found /Users/aperrin/Softwares/bin/blastp
[13:15:21] Determined blastp version is 002009 from 'blastp: 2.9.0+'
[13:15:21] Looking for 'cmpress' - found /usr/local/bin/cmpress
[13:15:21] Determined cmpress version is 001001 from '# INFERNAL 1.1.2 (July 2016)'
[13:15:21] Looking for 'cmscan' - found /usr/local/bin/cmscan
[13:15:21] Determined cmscan version is 001001 from '# INFERNAL 1.1.2 (July 2016)'
[13:15:21] Looking for 'egrep' - found /usr/bin/egrep
[13:15:21] Looking for 'find' - found /usr/bin/find
[13:15:21] Looking for 'grep' - found /usr/bin/grep
[13:15:21] Looking for 'hmmpress' - found /Users/aperrin/Softwares/src/prokka-dec.19/bin/../binaries/darwin/hmmpress
[13:15:21] Determined hmmpress version is 003001 from '# HMMER 3.1b1 (May 2013); http://hmmer.org/'
[13:15:21] Looking for 'hmmscan' - found /usr/local/bin/hmmscan
[13:15:21] Determined hmmscan version is 003001 from '# HMMER 3.1b2 (February 2015); http://hmmer.org/'
[13:15:21] Looking for 'java' - found /usr/bin/java
[13:15:21] Looking for 'makeblastdb' - found /Users/aperrin/Softwares/bin/makeblastdb
[13:15:21] Determined makeblastdb version is 002009 from 'makeblastdb: 2.9.0+'
[13:15:21] Looking for 'minced' - found /Users/aperrin/Softwares/src/prokka-dec.19/bin/../binaries/darwin/../common/minced
[13:15:22] Determined minced version is 002000 from 'minced 0.2.0'
[13:15:22] Looking for 'parallel' - found /usr/local/bin/parallel
[13:15:22] Determined parallel version is 20181022 from 'GNU parallel 20181022'
[13:15:22] Looking for 'prodigal' - found /usr/local/bin/prodigal
[13:15:22] Determined prodigal version is 002006 from 'Prodigal V2.6.3: February, 2016'
[13:15:22] Looking for 'prokka-genbank_to_fasta_db' - found /Users/aperrin/Softwares/src/prokka-dec.19/bin/prokka-genbank_to_fasta_db
[13:15:22] Looking for 'sed' - found /usr/bin/sed
[13:15:22] Looking for 'tbl2asn' - found /Users/aperrin/Softwares/src/prokka-dec.19/bin/../binaries/darwin/tbl2asn
[13:15:22] Determined tbl2asn version is 025007 from 'tbl2asn 25.7   arguments:'
[13:15:22] Using genetic code table 11.
[13:15:22] Loading and checking input file: Examples/2-res-Annotate-prokka/tmp_files/genome1.fst_prokka-split5N.fna
[13:15:22] Wrote 2 contigs totalling 9808 bp.
[13:15:22] Predicting tRNAs and tmRNAs
[13:15:22] Running: aragorn -l -gc11  -w Examples\/2\-res\-Annotate\-prokka\/tmp_files\/genome1\.fst_prokka\-split5N\.fna\-prokkaRes\/EXAM\.1219\.00001\.fna
[13:15:22] Found 0 tRNAs
[13:15:22] Predicting Ribosomal RNAs
[13:15:22] Running Barrnap with 1 threads
[13:15:22] Found 0 rRNAs
[13:15:22] Skipping ncRNA search, enable with --rfam if desired.
[13:15:22] Total of 0 tRNA + rRNA features
[13:15:22] Searching for CRISPR repeats
[13:15:22] Found 0 CRISPRs
[13:15:22] Predicting coding sequences
[13:15:22] Contigs total 9808 bp, so using meta mode
[13:15:22] Running: prodigal -i Examples\/2\-res\-Annotate\-prokka\/tmp_files\/genome1\.fst_prokka\-split5N\.fna\-prokkaRes\/EXAM\.1219\.00001\.fna -c -m -g 11 -p meta -f sco -q
[13:15:22] Found 11 CDS
[13:15:22] Connecting features back to sequences
[13:15:22] Not using genus-specific database. Try --usegenus to enable it.
[13:15:22] Annotating CDS, please be patient.
[13:15:22] Will use 1 CPUs for similarity searching.
[13:15:22] There are still 11 unannotated CDS left (started with 11)
[13:15:22] Will use blast to search against /Users/aperrin/Softwares/src/prokka-dec.19/db/kingdom/Bacteria/IS with 1 CPUs
[13:15:22] Running: cat Examples\/2\-res\-Annotate\-prokka\/tmp_files\/genome1\.fst_prokka\-split5N\.fna\-prokkaRes\/EXAM\.1219\.00001\.IS\.tmp\.94917\.faa | parallel --gnu --plain -j 1 --block 1558 --recstart '>' --pipe blastp -query - -db /Users/aperrin/Softwares/src/prokka-dec.19/db/kingdom/Bacteria/IS -evalue 1e-30 -qcov_hsp_perc 90 -num_threads 1 -num_descriptions 1 -num_alignments 1 -seg no > Examples\/2\-res\-Annotate\-prokka\/tmp_files\/genome1\.fst_prokka\-split5N\.fna\-prokkaRes\/EXAM\.1219\.00001\.IS\.tmp\.94917\.blast 2> /dev/null
[13:15:23] Deleting unwanted file: Examples/2-res-Annotate-prokka/tmp_files/genome1.fst_prokka-split5N.fna-prokkaRes/EXAM.1219.00001.IS.tmp.94917.faa
[13:15:23] Deleting unwanted file: Examples/2-res-Annotate-prokka/tmp_files/genome1.fst_prokka-split5N.fna-prokkaRes/EXAM.1219.00001.IS.tmp.94917.blast
[13:15:23] There are still 11 unannotated CDS left (started with 11)
[13:15:23] Will use blast to search against /Users/aperrin/Softwares/src/prokka-dec.19/db/kingdom/Bacteria/AMR with 1 CPUs
[13:15:23] Running: cat Examples\/2\-res\-Annotate\-prokka\/tmp_files\/genome1\.fst_prokka\-split5N\.fna\-prokkaRes\/EXAM\.1219\.00001\.AMR\.tmp\.94917\.faa | parallel --gnu --plain -j 1 --block 1558 --recstart '>' --pipe blastp -query - -db /Users/aperrin/Softwares/src/prokka-dec.19/db/kingdom/Bacteria/AMR -evalue 1e-300 -qcov_hsp_perc 90 -num_threads 1 -num_descriptions 1 -num_alignments 1 -seg no > Examples\/2\-res\-Annotate\-prokka\/tmp_files\/genome1\.fst_prokka\-split5N\.fna\-prokkaRes\/EXAM\.1219\.00001\.AMR\.tmp\.94917\.blast 2> /dev/null
[13:15:23] Deleting unwanted file: Examples/2-res-Annotate-prokka/tmp_files/genome1.fst_prokka-split5N.fna-prokkaRes/EXAM.1219.00001.AMR.tmp.94917.faa
[13:15:23] Deleting unwanted file: Examples/2-res-Annotate-prokka/tmp_files/genome1.fst_prokka-split5N.fna-prokkaRes/EXAM.1219.00001.AMR.tmp.94917.blast
[13:15:23] There are still 11 unannotated CDS left (started with 11)
[13:15:23] Will use blast to search against /Users/aperrin/Softwares/src/prokka-dec.19/db/kingdom/Bacteria/sprot with 1 CPUs
[13:15:23] Running: cat Examples\/2\-res\-Annotate\-prokka\/tmp_files\/genome1\.fst_prokka\-split5N\.fna\-prokkaRes\/EXAM\.1219\.00001\.sprot\.tmp\.94917\.faa | parallel --gnu --plain -j 1 --block 1558 --recstart '>' --pipe blastp -query - -db /Users/aperrin/Softwares/src/prokka-dec.19/db/kingdom/Bacteria/sprot -evalue 1e-09 -qcov_hsp_perc 80 -num_threads 1 -num_descriptions 1 -num_alignments 1 -seg no > Examples\/2\-res\-Annotate\-prokka\/tmp_files\/genome1\.fst_prokka\-split5N\.fna\-prokkaRes\/EXAM\.1219\.00001\.sprot\.tmp\.94917\.blast 2> /dev/null
[13:15:25] Deleting unwanted file: Examples/2-res-Annotate-prokka/tmp_files/genome1.fst_prokka-split5N.fna-prokkaRes/EXAM.1219.00001.sprot.tmp.94917.faa
[13:15:25] Deleting unwanted file: Examples/2-res-Annotate-prokka/tmp_files/genome1.fst_prokka-split5N.fna-prokkaRes/EXAM.1219.00001.sprot.tmp.94917.blast
[13:15:25] There are still 4 unannotated CDS left (started with 11)
[13:15:25] Will use hmmer3 to search against /Users/aperrin/Softwares/src/prokka-dec.19/db/hmm/HAMAP.hmm with 1 CPUs
[13:15:25] Running: cat Examples\/2\-res\-Annotate\-prokka\/tmp_files\/genome1\.fst_prokka\-split5N\.fna\-prokkaRes\/EXAM\.1219\.00001\.HAMAP\.hmm\.tmp\.94917\.faa | parallel --gnu --plain -j 1 --block 459 --recstart '>' --pipe hmmscan --noali --notextw --acc -E 1e-09 --cpu 1 /Users/aperrin/Softwares/src/prokka-dec.19/db/hmm/HAMAP.hmm /dev/stdin > Examples\/2\-res\-Annotate\-prokka\/tmp_files\/genome1\.fst_prokka\-split5N\.fna\-prokkaRes\/EXAM\.1219\.00001\.HAMAP\.hmm\.tmp\.94917\.hmmer3 2> /dev/null
[13:15:25] Deleting unwanted file: Examples/2-res-Annotate-prokka/tmp_files/genome1.fst_prokka-split5N.fna-prokkaRes/EXAM.1219.00001.HAMAP.hmm.tmp.94917.faa
[13:15:25] Deleting unwanted file: Examples/2-res-Annotate-prokka/tmp_files/genome1.fst_prokka-split5N.fna-prokkaRes/EXAM.1219.00001.HAMAP.hmm.tmp.94917.hmmer3
[13:15:25] Labelling remaining 4 proteins as 'hypothetical protein'
[13:15:25] Possible /pseudo 'tRNA (guanine-N(1)-)-methyltransferase' at genome1_2 position 3427
[13:15:25] Found 6 unique /gene codes.
[13:15:25] Fixed 2 duplicate /gene - trmD_1 trmD_2
[13:15:25] Fixed 1 colliding /gene names.
[13:15:25] Adding /locus_tag identifiers
[13:15:25] Assigned 11 locus_tags to CDS and RNA features.
[13:15:25] Writing outputs to Examples/2-res-Annotate-prokka/tmp_files/genome1.fst_prokka-split5N.fna-prokkaRes/
[13:15:25] Generating annotation statistics file
[13:15:25] Generating Genbank and Sequin files
[13:15:25] Running: tbl2asn -V b -a r10k -l paired-ends -M n -N 1 -y 'Annotated using prokka 1.14.5 from https://github.com/tseemann/prokka' -Z Examples\/2\-res\-Annotate\-prokka\/tmp_files\/genome1\.fst_prokka\-split5N\.fna\-prokkaRes\/EXAM\.1219\.00001\.err -i Examples\/2\-res\-Annotate\-prokka\/tmp_files\/genome1\.fst_prokka\-split5N\.fna\-prokkaRes\/EXAM\.1219\.00001\.fsa 2> /dev/null
[13:15:25] Deleting unwanted file: Examples/2-res-Annotate-prokka/tmp_files/genome1.fst_prokka-split5N.fna-prokkaRes/errorsummary.val
[13:15:25] Deleting unwanted file: Examples/2-res-Annotate-prokka/tmp_files/genome1.fst_prokka-split5N.fna-prokkaRes/EXAM.1219.00001.dr
[13:15:25] Deleting unwanted file: Examples/2-res-Annotate-prokka/tmp_files/genome1.fst_prokka-split5N.fna-prokkaRes/EXAM.1219.00001.fixedproducts
[13:15:25] Deleting unwanted file: Examples/2-res-Annotate-prokka/tmp_files/genome1.fst_prokka-split5N.fna-prokkaRes/EXAM.1219.00001.ecn
[13:15:25] Deleting unwanted file: Examples/2-res-Annotate-prokka/tmp_files/genome1.fst_prokka-split5N.fna-prokkaRes/EXAM.1219.00001.val
[13:15:25] Repairing broken .GBK output that tbl2asn produces...
[13:15:25] Running: sed 's/COORDINATES: profile/COORDINATES:profile/' < Examples\/2\-res\-Annotate\-prokka\/tmp_files\/genome1\.fst_prokka\-split5N\.fna\-prokkaRes\/EXAM\.1219\.00001\.gbf > Examples\/2\-res\-Annotate\-prokka\/tmp_files\/genome1\.fst_prokka\-split5N\.fna\-prokkaRes\/EXAM\.1219\.00001\.gbk
[13:15:25] Deleting unwanted file: Examples/2-res-Annotate-prokka/tmp_files/genome1.fst_prokka-split5N.fna-prokkaRes/EXAM.1219.00001.gbf
[13:15:25] Output files:
[13:15:25] Examples/2-res-Annotate-prokka/tmp_files/genome1.fst_prokka-split5N.fna-prokkaRes/EXAM.1219.00001.txt
[13:15:25] Examples/2-res-Annotate-prokka/tmp_files/genome1.fst_prokka-split5N.fna-prokkaRes/EXAM.1219.00001.gff
[13:15:25] Examples/2-res-Annotate-prokka/tmp_files/genome1.fst_prokka-split5N.fna-prokkaRes/EXAM.1219.00001.tbl
[13:15:25] Examples/2-res-Annotate-prokka/tmp_files/genome1.fst_prokka-split5N.fna-prokkaRes/EXAM.1219.00001.sqn
[13:15:25] Examples/2-res-Annotate-prokka/tmp_files/genome1.fst_prokka-split5N.fna-prokkaRes/EXAM.1219.00001.fna
[13:15:25] Examples/2-res-Annotate-prokka/tmp_files/genome1.fst_prokka-split5N.fna-prokkaRes/EXAM.1219.00001.tsv
[13:15:25] Examples/2-res-Annotate-prokka/tmp_files/genome1.fst_prokka-split5N.fna-prokkaRes/EXAM.1219.00001.err
[13:15:25] Examples/2-res-Annotate-prokka/tmp_files/genome1.fst_prokka-split5N.fna-prokkaRes/EXAM.1219.00001.log
[13:15:25] Examples/2-res-Annotate-prokka/tmp_files/genome1.fst_prokka-split5N.fna-prokkaRes/EXAM.1219.00001.ffn
[13:15:25] Examples/2-res-Annotate-prokka/tmp_files/genome1.fst_prokka-split5N.fna-prokkaRes/EXAM.1219.00001.gbk
[13:15:25] Examples/2-res-Annotate-prokka/tmp_files/genome1.fst_prokka-split5N.fna-prokkaRes/EXAM.1219.00001.fsa
[13:15:25] Examples/2-res-Annotate-prokka/tmp_files/genome1.fst_prokka-split5N.fna-prokkaRes/EXAM.1219.00001.faa
[13:15:25] Annotation finished successfully.
[13:15:25] Walltime used: 0.07 minutes
[13:15:25] If you use this result please cite the Prokka paper:
[13:15:25] Seemann T (2014) Prokka: rapid prokaryotic genome annotation. Bioinformatics. 30(14):2068-9.
[13:15:25] Type 'prokka --citation' for more details.
[13:15:25] Thank you, come again.
