[13:15:30] This is prokka 1.14.5
[13:15:30] Written by Torsten Seemann <torsten.seemann@gmail.com>
[13:15:30] Homepage is https://github.com/tseemann/prokka
[13:15:30] Local time is Mon Dec  9 13:15:30 2019
[13:15:30] You are aperrin
[13:15:30] Operating system is darwin
[13:15:30] You have BioPerl 1.007002
[13:15:30] System has 8 cores.
[13:15:30] Will use maximum of 1 cores.
[13:15:30] Annotating as >>> Bacteria <<<
[13:15:30] Generating locus_tag from 'Examples/2-res-Annotate-prokka/tmp_files/genome3-chromo.fst-all.fna_prokka-split5N.fna' contents.
[13:15:30] Setting --locustag PFKCIMHH from MD5 9f4c2611ce3f44c6b2e6fb97579c5725
[13:15:30] Creating new output folder: Examples/2-res-Annotate-prokka/tmp_files/genome3-chromo.fst-all.fna_prokka-split5N.fna-prokkaRes
[13:15:30] Running: mkdir -p Examples\/2\-res\-Annotate\-prokka\/tmp_files\/genome3\-chromo\.fst\-all\.fna_prokka\-split5N\.fna\-prokkaRes
[13:15:30] Using filename prefix: EXAM.1216.00002.XXX
[13:15:30] Setting HMMER_NCPU=1
[13:15:30] Writing log to: Examples/2-res-Annotate-prokka/tmp_files/genome3-chromo.fst-all.fna_prokka-split5N.fna-prokkaRes/EXAM.1216.00002.log
[13:15:30] Command: /usr/local/bin/prokka --outdir Examples/2-res-Annotate-prokka/tmp_files/genome3-chromo.fst-all.fna_prokka-split5N.fna-prokkaRes --cpus 1 --prefix EXAM.1216.00002 Examples/2-res-Annotate-prokka/tmp_files/genome3-chromo.fst-all.fna_prokka-split5N.fna
[13:15:30] Appending to PATH: /Users/aperrin/Softwares/src/prokka-dec.19/bin/../binaries/darwin
[13:15:30] Appending to PATH: /Users/aperrin/Softwares/src/prokka-dec.19/bin/../binaries/darwin/../common
[13:15:30] Appending to PATH: /Users/aperrin/Softwares/src/prokka-dec.19/bin
[13:15:30] Looking for 'aragorn' - found /usr/local/bin/aragorn
[13:15:30] Determined aragorn version is 001002 from 'ARAGORN v1.2.38 Dean Laslett'
[13:15:30] Looking for 'barrnap' - found /usr/local/bin/barrnap
[13:15:31] Determined barrnap version is 000008 from 'barrnap 0.8'
[13:15:31] Looking for 'blastp' - found /Users/aperrin/Softwares/bin/blastp
[13:15:31] Determined blastp version is 002009 from 'blastp: 2.9.0+'
[13:15:31] Looking for 'cmpress' - found /usr/local/bin/cmpress
[13:15:31] Determined cmpress version is 001001 from '# INFERNAL 1.1.2 (July 2016)'
[13:15:31] Looking for 'cmscan' - found /usr/local/bin/cmscan
[13:15:31] Determined cmscan version is 001001 from '# INFERNAL 1.1.2 (July 2016)'
[13:15:31] Looking for 'egrep' - found /usr/bin/egrep
[13:15:31] Looking for 'find' - found /usr/bin/find
[13:15:31] Looking for 'grep' - found /usr/bin/grep
[13:15:31] Looking for 'hmmpress' - found /Users/aperrin/Softwares/src/prokka-dec.19/bin/../binaries/darwin/hmmpress
[13:15:31] Determined hmmpress version is 003001 from '# HMMER 3.1b1 (May 2013); http://hmmer.org/'
[13:15:31] Looking for 'hmmscan' - found /usr/local/bin/hmmscan
[13:15:31] Determined hmmscan version is 003001 from '# HMMER 3.1b2 (February 2015); http://hmmer.org/'
[13:15:31] Looking for 'java' - found /usr/bin/java
[13:15:31] Looking for 'makeblastdb' - found /Users/aperrin/Softwares/bin/makeblastdb
[13:15:31] Determined makeblastdb version is 002009 from 'makeblastdb: 2.9.0+'
[13:15:31] Looking for 'minced' - found /Users/aperrin/Softwares/src/prokka-dec.19/bin/../binaries/darwin/../common/minced
[13:15:31] Determined minced version is 002000 from 'minced 0.2.0'
[13:15:31] Looking for 'parallel' - found /usr/local/bin/parallel
[13:15:31] Determined parallel version is 20181022 from 'GNU parallel 20181022'
[13:15:31] Looking for 'prodigal' - found /usr/local/bin/prodigal
[13:15:31] Determined prodigal version is 002006 from 'Prodigal V2.6.3: February, 2016'
[13:15:31] Looking for 'prokka-genbank_to_fasta_db' - found /Users/aperrin/Softwares/src/prokka-dec.19/bin/prokka-genbank_to_fasta_db
[13:15:31] Looking for 'sed' - found /usr/bin/sed
[13:15:31] Looking for 'tbl2asn' - found /Users/aperrin/Softwares/src/prokka-dec.19/bin/../binaries/darwin/tbl2asn
[13:15:31] Determined tbl2asn version is 025007 from 'tbl2asn 25.7   arguments:'
[13:15:31] Using genetic code table 11.
[13:15:31] Loading and checking input file: Examples/2-res-Annotate-prokka/tmp_files/genome3-chromo.fst-all.fna_prokka-split5N.fna
[13:15:31] Wrote 3 contigs totalling 8817 bp.
[13:15:31] Predicting tRNAs and tmRNAs
[13:15:31] Running: aragorn -l -gc11  -w Examples\/2\-res\-Annotate\-prokka\/tmp_files\/genome3\-chromo\.fst\-all\.fna_prokka\-split5N\.fna\-prokkaRes\/EXAM\.1216\.00002\.fna
[13:15:31] Found 0 tRNAs
[13:15:31] Predicting Ribosomal RNAs
[13:15:31] Running Barrnap with 1 threads
[13:15:31] Found 0 rRNAs
[13:15:31] Skipping ncRNA search, enable with --rfam if desired.
[13:15:31] Total of 0 tRNA + rRNA features
[13:15:31] Searching for CRISPR repeats
[13:15:31] Found 0 CRISPRs
[13:15:31] Predicting coding sequences
[13:15:31] Contigs total 8817 bp, so using meta mode
[13:15:31] Running: prodigal -i Examples\/2\-res\-Annotate\-prokka\/tmp_files\/genome3\-chromo\.fst\-all\.fna_prokka\-split5N\.fna\-prokkaRes\/EXAM\.1216\.00002\.fna -c -m -g 11 -p meta -f sco -q
[13:15:31] Found 12 CDS
[13:15:31] Connecting features back to sequences
[13:15:31] Not using genus-specific database. Try --usegenus to enable it.
[13:15:31] Annotating CDS, please be patient.
[13:15:31] Will use 1 CPUs for similarity searching.
[13:15:31] There are still 12 unannotated CDS left (started with 12)
[13:15:31] Will use blast to search against /Users/aperrin/Softwares/src/prokka-dec.19/db/kingdom/Bacteria/IS with 1 CPUs
[13:15:31] Running: cat Examples\/2\-res\-Annotate\-prokka\/tmp_files\/genome3\-chromo\.fst\-all\.fna_prokka\-split5N\.fna\-prokkaRes\/EXAM\.1216\.00002\.IS\.tmp\.95230\.faa | parallel --gnu --plain -j 1 --block 1443 --recstart '>' --pipe blastp -query - -db /Users/aperrin/Softwares/src/prokka-dec.19/db/kingdom/Bacteria/IS -evalue 1e-30 -qcov_hsp_perc 90 -num_threads 1 -num_descriptions 1 -num_alignments 1 -seg no > Examples\/2\-res\-Annotate\-prokka\/tmp_files\/genome3\-chromo\.fst\-all\.fna_prokka\-split5N\.fna\-prokkaRes\/EXAM\.1216\.00002\.IS\.tmp\.95230\.blast 2> /dev/null
[13:15:32] Deleting unwanted file: Examples/2-res-Annotate-prokka/tmp_files/genome3-chromo.fst-all.fna_prokka-split5N.fna-prokkaRes/EXAM.1216.00002.IS.tmp.95230.faa
[13:15:32] Deleting unwanted file: Examples/2-res-Annotate-prokka/tmp_files/genome3-chromo.fst-all.fna_prokka-split5N.fna-prokkaRes/EXAM.1216.00002.IS.tmp.95230.blast
[13:15:32] There are still 11 unannotated CDS left (started with 12)
[13:15:32] Will use blast to search against /Users/aperrin/Softwares/src/prokka-dec.19/db/kingdom/Bacteria/AMR with 1 CPUs
[13:15:32] Running: cat Examples\/2\-res\-Annotate\-prokka\/tmp_files\/genome3\-chromo\.fst\-all\.fna_prokka\-split5N\.fna\-prokkaRes\/EXAM\.1216\.00002\.AMR\.tmp\.95230\.faa | parallel --gnu --plain -j 1 --block 1311 --recstart '>' --pipe blastp -query - -db /Users/aperrin/Softwares/src/prokka-dec.19/db/kingdom/Bacteria/AMR -evalue 1e-300 -qcov_hsp_perc 90 -num_threads 1 -num_descriptions 1 -num_alignments 1 -seg no > Examples\/2\-res\-Annotate\-prokka\/tmp_files\/genome3\-chromo\.fst\-all\.fna_prokka\-split5N\.fna\-prokkaRes\/EXAM\.1216\.00002\.AMR\.tmp\.95230\.blast 2> /dev/null
[13:15:32] Deleting unwanted file: Examples/2-res-Annotate-prokka/tmp_files/genome3-chromo.fst-all.fna_prokka-split5N.fna-prokkaRes/EXAM.1216.00002.AMR.tmp.95230.faa
[13:15:32] Deleting unwanted file: Examples/2-res-Annotate-prokka/tmp_files/genome3-chromo.fst-all.fna_prokka-split5N.fna-prokkaRes/EXAM.1216.00002.AMR.tmp.95230.blast
[13:15:32] There are still 11 unannotated CDS left (started with 12)
[13:15:32] Will use blast to search against /Users/aperrin/Softwares/src/prokka-dec.19/db/kingdom/Bacteria/sprot with 1 CPUs
[13:15:32] Running: cat Examples\/2\-res\-Annotate\-prokka\/tmp_files\/genome3\-chromo\.fst\-all\.fna_prokka\-split5N\.fna\-prokkaRes\/EXAM\.1216\.00002\.sprot\.tmp\.95230\.faa | parallel --gnu --plain -j 1 --block 1311 --recstart '>' --pipe blastp -query - -db /Users/aperrin/Softwares/src/prokka-dec.19/db/kingdom/Bacteria/sprot -evalue 1e-09 -qcov_hsp_perc 80 -num_threads 1 -num_descriptions 1 -num_alignments 1 -seg no > Examples\/2\-res\-Annotate\-prokka\/tmp_files\/genome3\-chromo\.fst\-all\.fna_prokka\-split5N\.fna\-prokkaRes\/EXAM\.1216\.00002\.sprot\.tmp\.95230\.blast 2> /dev/null
[13:15:33] Deleting unwanted file: Examples/2-res-Annotate-prokka/tmp_files/genome3-chromo.fst-all.fna_prokka-split5N.fna-prokkaRes/EXAM.1216.00002.sprot.tmp.95230.faa
[13:15:33] Deleting unwanted file: Examples/2-res-Annotate-prokka/tmp_files/genome3-chromo.fst-all.fna_prokka-split5N.fna-prokkaRes/EXAM.1216.00002.sprot.tmp.95230.blast
[13:15:33] There are still 4 unannotated CDS left (started with 12)
[13:15:33] Will use hmmer3 to search against /Users/aperrin/Softwares/src/prokka-dec.19/db/hmm/HAMAP.hmm with 1 CPUs
[13:15:33] Running: cat Examples\/2\-res\-Annotate\-prokka\/tmp_files\/genome3\-chromo\.fst\-all\.fna_prokka\-split5N\.fna\-prokkaRes\/EXAM\.1216\.00002\.HAMAP\.hmm\.tmp\.95230\.faa | parallel --gnu --plain -j 1 --block 427 --recstart '>' --pipe hmmscan --noali --notextw --acc -E 1e-09 --cpu 1 /Users/aperrin/Softwares/src/prokka-dec.19/db/hmm/HAMAP.hmm /dev/stdin > Examples\/2\-res\-Annotate\-prokka\/tmp_files\/genome3\-chromo\.fst\-all\.fna_prokka\-split5N\.fna\-prokkaRes\/EXAM\.1216\.00002\.HAMAP\.hmm\.tmp\.95230\.hmmer3 2> /dev/null
[13:15:34] Deleting unwanted file: Examples/2-res-Annotate-prokka/tmp_files/genome3-chromo.fst-all.fna_prokka-split5N.fna-prokkaRes/EXAM.1216.00002.HAMAP.hmm.tmp.95230.faa
[13:15:34] Deleting unwanted file: Examples/2-res-Annotate-prokka/tmp_files/genome3-chromo.fst-all.fna_prokka-split5N.fna-prokkaRes/EXAM.1216.00002.HAMAP.hmm.tmp.95230.hmmer3
[13:15:34] Labelling remaining 4 proteins as 'hypothetical protein'
[13:15:34] Possible /pseudo 'N-acetylmuramoyl-L-alanine amidase AmiD' at header_genome3_1 position 880
[13:15:34] Found 6 unique /gene codes.
[13:15:34] Fixed 2 duplicate /gene - amiD_1 amiD_2
[13:15:34] Fixed 1 colliding /gene names.
[13:15:34] Adding /locus_tag identifiers
[13:15:34] Assigned 12 locus_tags to CDS and RNA features.
[13:15:34] Writing outputs to Examples/2-res-Annotate-prokka/tmp_files/genome3-chromo.fst-all.fna_prokka-split5N.fna-prokkaRes/
[13:15:34] Generating annotation statistics file
[13:15:34] Generating Genbank and Sequin files
[13:15:34] Running: tbl2asn -V b -a r10k -l paired-ends -M n -N 1 -y 'Annotated using prokka 1.14.5 from https://github.com/tseemann/prokka' -Z Examples\/2\-res\-Annotate\-prokka\/tmp_files\/genome3\-chromo\.fst\-all\.fna_prokka\-split5N\.fna\-prokkaRes\/EXAM\.1216\.00002\.err -i Examples\/2\-res\-Annotate\-prokka\/tmp_files\/genome3\-chromo\.fst\-all\.fna_prokka\-split5N\.fna\-prokkaRes\/EXAM\.1216\.00002\.fsa 2> /dev/null
[13:15:34] Deleting unwanted file: Examples/2-res-Annotate-prokka/tmp_files/genome3-chromo.fst-all.fna_prokka-split5N.fna-prokkaRes/errorsummary.val
[13:15:34] Deleting unwanted file: Examples/2-res-Annotate-prokka/tmp_files/genome3-chromo.fst-all.fna_prokka-split5N.fna-prokkaRes/EXAM.1216.00002.dr
[13:15:34] Deleting unwanted file: Examples/2-res-Annotate-prokka/tmp_files/genome3-chromo.fst-all.fna_prokka-split5N.fna-prokkaRes/EXAM.1216.00002.fixedproducts
[13:15:34] Deleting unwanted file: Examples/2-res-Annotate-prokka/tmp_files/genome3-chromo.fst-all.fna_prokka-split5N.fna-prokkaRes/EXAM.1216.00002.ecn
[13:15:34] Deleting unwanted file: Examples/2-res-Annotate-prokka/tmp_files/genome3-chromo.fst-all.fna_prokka-split5N.fna-prokkaRes/EXAM.1216.00002.val
[13:15:34] Repairing broken .GBK output that tbl2asn produces...
[13:15:34] Running: sed 's/COORDINATES: profile/COORDINATES:profile/' < Examples\/2\-res\-Annotate\-prokka\/tmp_files\/genome3\-chromo\.fst\-all\.fna_prokka\-split5N\.fna\-prokkaRes\/EXAM\.1216\.00002\.gbf > Examples\/2\-res\-Annotate\-prokka\/tmp_files\/genome3\-chromo\.fst\-all\.fna_prokka\-split5N\.fna\-prokkaRes\/EXAM\.1216\.00002\.gbk
[13:15:34] Deleting unwanted file: Examples/2-res-Annotate-prokka/tmp_files/genome3-chromo.fst-all.fna_prokka-split5N.fna-prokkaRes/EXAM.1216.00002.gbf
[13:15:34] Output files:
[13:15:34] Examples/2-res-Annotate-prokka/tmp_files/genome3-chromo.fst-all.fna_prokka-split5N.fna-prokkaRes/EXAM.1216.00002.log
[13:15:34] Examples/2-res-Annotate-prokka/tmp_files/genome3-chromo.fst-all.fna_prokka-split5N.fna-prokkaRes/EXAM.1216.00002.ffn
[13:15:34] Examples/2-res-Annotate-prokka/tmp_files/genome3-chromo.fst-all.fna_prokka-split5N.fna-prokkaRes/EXAM.1216.00002.gbk
[13:15:34] Examples/2-res-Annotate-prokka/tmp_files/genome3-chromo.fst-all.fna_prokka-split5N.fna-prokkaRes/EXAM.1216.00002.fsa
[13:15:34] Examples/2-res-Annotate-prokka/tmp_files/genome3-chromo.fst-all.fna_prokka-split5N.fna-prokkaRes/EXAM.1216.00002.faa
[13:15:34] Examples/2-res-Annotate-prokka/tmp_files/genome3-chromo.fst-all.fna_prokka-split5N.fna-prokkaRes/EXAM.1216.00002.txt
[13:15:34] Examples/2-res-Annotate-prokka/tmp_files/genome3-chromo.fst-all.fna_prokka-split5N.fna-prokkaRes/EXAM.1216.00002.gff
[13:15:34] Examples/2-res-Annotate-prokka/tmp_files/genome3-chromo.fst-all.fna_prokka-split5N.fna-prokkaRes/EXAM.1216.00002.tbl
[13:15:34] Examples/2-res-Annotate-prokka/tmp_files/genome3-chromo.fst-all.fna_prokka-split5N.fna-prokkaRes/EXAM.1216.00002.sqn
[13:15:34] Examples/2-res-Annotate-prokka/tmp_files/genome3-chromo.fst-all.fna_prokka-split5N.fna-prokkaRes/EXAM.1216.00002.tsv
[13:15:34] Examples/2-res-Annotate-prokka/tmp_files/genome3-chromo.fst-all.fna_prokka-split5N.fna-prokkaRes/EXAM.1216.00002.fna
[13:15:34] Examples/2-res-Annotate-prokka/tmp_files/genome3-chromo.fst-all.fna_prokka-split5N.fna-prokkaRes/EXAM.1216.00002.err
[13:15:34] Annotation finished successfully.
[13:15:34] Walltime used: 0.07 minutes
[13:15:34] If you use this result please cite the Prokka paper:
[13:15:34] Seemann T (2014) Prokka: rapid prokaryotic genome annotation. Bioinformatics. 30(14):2068-9.
[13:15:34] Type 'prokka --citation' for more details.
[13:15:34] Thank you, come again.
