Discrepancy Report Results

Summary
FATAL: MISSING_PROTEIN_ID:12 proteins have invalid IDs.
DISC_SOURCE_QUALS_ASNDISC:strain (all present, all same)
DISC_SOURCE_QUALS_ASNDISC:taxname (all present, all same)
DISC_FEATURE_COUNT:CDS: 12 present
DISC_COUNT_NUCLEOTIDES:3 nucleotide Bioseqs are present
FEATURE_LOCATION_CONFLICT:12 features have inconsistent gene locations.
DISC_QUALITY_SCORES:Quality scores are missing on all sequences.
ONCALLER_COMMENT_PRESENT:3 comment descriptors were found (all same)
MISSING_GENOMEASSEMBLY_COMMENTS:3 bioseqs are missing GenomeAssembly structured comments
MOLTYPE_NOT_MRNA:3 molecule types are not set as mRNA.
TECHNIQUE_NOT_TSA:3 technique are not set as TSA
MISSING_STRUCTURED_COMMENT:3 sequences do not include structured comments.
MISSING_PROJECT:15 sequences do not include project.
DISC_INCONSISTENT_MOLINFO_TECH:Molinfo Technique Report (some missing, all same)


Detailed Report

FATAL: DiscRep_ALL:MISSING_PROTEIN_ID::12 proteins halid nvalid IDs.
Examples/1-res-Annotate/tmp_files/genome3-chromo.fst-all.fna-split5N.fna-prokkaRes/EXAM.1216.00002:header_genome3_1_1 (length 276)
Examples/1-res-Annotate/tmp_files/genome3-chromo.fst-all.fna-split5N.fna-prokkaRes/EXAM.1216.00002:header_genome3_1_2 (length 276)
Examples/1-res-Annotate/tmp_files/genome3-chromo.fst-all.fna-split5N.fna-prokkaRes/EXAM.1216.00002:header_genome3_1_3 (length 157)
Examples/1-res-Annotate/tmp_files/genome3-chromo.fst-all.fna-split5N.fna-prokkaRes/EXAM.1216.00002:header_genome3_1_4 (length 74)
Examples/1-res-Annotate/tmp_files/genome3-chromo.fst-all.fna-split5N.fna-prokkaRes/EXAM.1216.00002:header_genome3_1_5 (length 467)
Examples/1-res-Annotate/tmp_files/genome3-chromo.fst-all.fna-split5N.fna-prokkaRes/EXAM.1216.00002:header_genome3_1_6 (length 257)
Examples/1-res-Annotate/tmp_files/genome3-chromo.fst-all.fna-split5N.fna-prokkaRes/EXAM.1216.00002:header_genome3_1_7 (length 263)
Examples/1-res-Annotate/tmp_files/genome3-chromo.fst-all.fna-split5N.fna-prokkaRes/EXAM.1216.00002:header_genome3_1_8 (length 95)
Examples/1-res-Annotate/tmp_files/genome3-chromo.fst-all.fna-split5N.fna-prokkaRes/EXAM.1216.00002:genome3_plasmi_2_1 (length 193)
Examples/1-res-Annotate/tmp_files/genome3-chromo.fst-all.fna-split5N.fna-prokkaRes/EXAM.1216.00002:genome3_plasmi_2_2 (length 435)
Examples/1-res-Annotate/tmp_files/genome3-chromo.fst-all.fna-split5N.fna-prokkaRes/EXAM.1216.00002:genome3_plasmi_3_1 (length 84)
Examples/1-res-Annotate/tmp_files/genome3-chromo.fst-all.fna-split5N.fna-prokkaRes/EXAM.1216.00002:genome3_plasmi_3_2 (length 259)

DiscRep_ALL:DISC_SOURCE_QUALS_ASNDISC::strain (all present, all same)
DiscRep_SUB:DISC_SOURCE_QUALS_ASNDISC::3 sources have 'strain' for strain
DiscRep_ALL:DISC_SOURCE_QUALS_ASNDISC::taxname (all present, all same)
DiscRep_SUB:DISC_SOURCE_QUALS_ASNDISC::3 sources have 'Genus species' for taxname
DiscRep_ALL:DISC_FEATURE_COUNT::CDS: 12 present
DiscRep_ALL:DISC_COUNT_NUCLEOTIDES::3 nucleotide Bioseqs are present
Examples/1-res-Annotate/tmp_files/genome3-chromo.fst-all.fna-split5N.fna-prokkaRes/EXAM.1216.00002:header_genome3_1 (length 5747)
Examples/1-res-Annotate/tmp_files/genome3-chromo.fst-all.fna-split5N.fna-prokkaRes/EXAM.1216.00002:genome3_plasmi_2 (length 1968)
Examples/1-res-Annotate/tmp_files/genome3-chromo.fst-all.fna-split5N.fna-prokkaRes/EXAM.1216.00002:genome3_plasmi_3 (length 1102)

DiscRep_ALL:FEATURE_LOCATION_CONFLICT::12 features have inconsistent gene locations.
DiscRep_SUB:FEATURE_LOCATION_CONFLICT::Coding region xref gene does not exist
Examples/1-res-Annotate/tmp_files/genome3-chromo.fst-all.fna-split5N.fna-prokkaRes/EXAM.1216.00002:CDS	N-acetylmuramoyl-L-alanine amidase AmiD	header_genome3_1:1-831	PFKCIMHH_00001

DiscRep_SUB:FEATURE_LOCATION_CONFLICT::Coding region xref gene does not exist
Examples/1-res-Annotate/tmp_files/genome3-chromo.fst-all.fna-split5N.fna-prokkaRes/EXAM.1216.00002:CDS	N-acetylmuramoyl-L-alanine amidase AmiD	header_genome3_1:880-1710	PFKCIMHH_00002

DiscRep_SUB:FEATURE_LOCATION_CONFLICT::Coding region xref gene does not exist
Examples/1-res-Annotate/tmp_files/genome3-chromo.fst-all.fna-split5N.fna-prokkaRes/EXAM.1216.00002:CDS	5-carboxymethyl-2-hydroxymuconate Delta-isomerase	header_genome3_1:1655-2128	PFKCIMHH_00003

DiscRep_SUB:FEATURE_LOCATION_CONFLICT::Coding region xref gene does not exist
Examples/1-res-Annotate/tmp_files/genome3-chromo.fst-all.fna-split5N.fna-prokkaRes/EXAM.1216.00002:CDS	Phage shock protein B	header_genome3_1:2172-2396	PFKCIMHH_00004

DiscRep_SUB:FEATURE_LOCATION_CONFLICT::Coding region xref gene does not exist
Examples/1-res-Annotate/tmp_files/genome3-chromo.fst-all.fna-split5N.fna-prokkaRes/EXAM.1216.00002:CDS	hypothetical protein	header_genome3_1:2425-3828	PFKCIMHH_00005

DiscRep_SUB:FEATURE_LOCATION_CONFLICT::Coding region xref gene does not exist
Examples/1-res-Annotate/tmp_files/genome3-chromo.fst-all.fna-split5N.fna-prokkaRes/EXAM.1216.00002:CDS	Histidine transport ATP-binding protein HisP	header_genome3_1:3863-4636	PFKCIMHH_00006

DiscRep_SUB:FEATURE_LOCATION_CONFLICT::Coding region xref gene does not exist
Examples/1-res-Annotate/tmp_files/genome3-chromo.fst-all.fna-split5N.fna-prokkaRes/EXAM.1216.00002:CDS	tRNA (guanine-N(1)-)-methyltransferase	header_genome3_1:4641-5432	PFKCIMHH_00007

DiscRep_SUB:FEATURE_LOCATION_CONFLICT::Coding region xref gene does not exist
Examples/1-res-Annotate/tmp_files/genome3-chromo.fst-all.fna-split5N.fna-prokkaRes/EXAM.1216.00002:CDS	hypothetical protein	header_genome3_1:5460-5747	PFKCIMHH_00008

DiscRep_SUB:FEATURE_LOCATION_CONFLICT::Coding region xref gene does not exist
Examples/1-res-Annotate/tmp_files/genome3-chromo.fst-all.fna-split5N.fna-prokkaRes/EXAM.1216.00002:CDS	hypothetical protein	genome3_plasmi_2:1-582	PFKCIMHH_00009

DiscRep_SUB:FEATURE_LOCATION_CONFLICT::Coding region xref gene does not exist
Examples/1-res-Annotate/tmp_files/genome3-chromo.fst-all.fna-split5N.fna-prokkaRes/EXAM.1216.00002:CDS	C4-dicarboxylate TRAP transporter large permease protein DctM	genome3_plasmi_2:629-1936	PFKCIMHH_00010

DiscRep_SUB:FEATURE_LOCATION_CONFLICT::Coding region xref gene does not exist
Examples/1-res-Annotate/tmp_files/genome3-chromo.fst-all.fna-split5N.fna-prokkaRes/EXAM.1216.00002:CDS	hypothetical protein	genome3_plasmi_3:26-280	PFKCIMHH_00011

DiscRep_SUB:FEATURE_LOCATION_CONFLICT::Coding region xref gene does not exist
Examples/1-res-Annotate/tmp_files/genome3-chromo.fst-all.fna-split5N.fna-prokkaRes/EXAM.1216.00002:CDS	Insertion sequence IS5376 putative ATP-binding protein	genome3_plasmi_3:323-1102	PFKCIMHH_00012

DiscRep_ALL:DISC_QUALITY_SCORES::Quality scores are missing on all sequences.

DiscRep_ALL:ONCALLER_COMMENT_PRESENT::3 comment descriptors were found (all same)
Examples/1-res-Annotate/tmp_files/genome3-chromo.fst-all.fna-split5N.fna-prokkaRes/EXAM.1216.00002:header_genome3_1:Annotated using prokka 1.14-dev from https://github.com/tseemann/prokka
Examples/1-res-Annotate/tmp_files/genome3-chromo.fst-all.fna-split5N.fna-prokkaRes/EXAM.1216.00002:genome3_plasmi_2:Annotated using prokka 1.14-dev from https://github.com/tseemann/prokka
Examples/1-res-Annotate/tmp_files/genome3-chromo.fst-all.fna-split5N.fna-prokkaRes/EXAM.1216.00002:genome3_plasmi_3:Annotated using prokka 1.14-dev from https://github.com/tseemann/prokka

DiscRep_ALL:MISSING_GENOMEASSEMBLY_COMMENTS::3 bioseqs are missing GenomeAssembly structured comments
Examples/1-res-Annotate/tmp_files/genome3-chromo.fst-all.fna-split5N.fna-prokkaRes/EXAM.1216.00002:header_genome3_1 (length 5747)
Examples/1-res-Annotate/tmp_files/genome3-chromo.fst-all.fna-split5N.fna-prokkaRes/EXAM.1216.00002:genome3_plasmi_2 (length 1968)
Examples/1-res-Annotate/tmp_files/genome3-chromo.fst-all.fna-split5N.fna-prokkaRes/EXAM.1216.00002:genome3_plasmi_3 (length 1102)

DiscRep_ALL:MOLTYPE_NOT_MRNA::3 molecule types are not set as mRNA.
Examples/1-res-Annotate/tmp_files/genome3-chromo.fst-all.fna-split5N.fna-prokkaRes/EXAM.1216.00002:header_genome3_1 (length 5747)
Examples/1-res-Annotate/tmp_files/genome3-chromo.fst-all.fna-split5N.fna-prokkaRes/EXAM.1216.00002:genome3_plasmi_2 (length 1968)
Examples/1-res-Annotate/tmp_files/genome3-chromo.fst-all.fna-split5N.fna-prokkaRes/EXAM.1216.00002:genome3_plasmi_3 (length 1102)

DiscRep_ALL:TECHNIQUE_NOT_TSA::3 technique are not set as TSA
Examples/1-res-Annotate/tmp_files/genome3-chromo.fst-all.fna-split5N.fna-prokkaRes/EXAM.1216.00002:header_genome3_1 (length 5747)
Examples/1-res-Annotate/tmp_files/genome3-chromo.fst-all.fna-split5N.fna-prokkaRes/EXAM.1216.00002:genome3_plasmi_2 (length 1968)
Examples/1-res-Annotate/tmp_files/genome3-chromo.fst-all.fna-split5N.fna-prokkaRes/EXAM.1216.00002:genome3_plasmi_3 (length 1102)

DiscRep_ALL:MISSING_STRUCTURED_COMMENT::3 sequences do not include structured comments.
Examples/1-res-Annotate/tmp_files/genome3-chromo.fst-all.fna-split5N.fna-prokkaRes/EXAM.1216.00002:header_genome3_1 (length 5747)
Examples/1-res-Annotate/tmp_files/genome3-chromo.fst-all.fna-split5N.fna-prokkaRes/EXAM.1216.00002:genome3_plasmi_2 (length 1968)
Examples/1-res-Annotate/tmp_files/genome3-chromo.fst-all.fna-split5N.fna-prokkaRes/EXAM.1216.00002:genome3_plasmi_3 (length 1102)

DiscRep_ALL:MISSING_PROJECT::15 sequences do not include project.
Examples/1-res-Annotate/tmp_files/genome3-chromo.fst-all.fna-split5N.fna-prokkaRes/EXAM.1216.00002:header_genome3_1 (length 5747)
Examples/1-res-Annotate/tmp_files/genome3-chromo.fst-all.fna-split5N.fna-prokkaRes/EXAM.1216.00002:header_genome3_1_1 (length 276)
Examples/1-res-Annotate/tmp_files/genome3-chromo.fst-all.fna-split5N.fna-prokkaRes/EXAM.1216.00002:header_genome3_1_2 (length 276)
Examples/1-res-Annotate/tmp_files/genome3-chromo.fst-all.fna-split5N.fna-prokkaRes/EXAM.1216.00002:header_genome3_1_3 (length 157)
Examples/1-res-Annotate/tmp_files/genome3-chromo.fst-all.fna-split5N.fna-prokkaRes/EXAM.1216.00002:header_genome3_1_4 (length 74)
Examples/1-res-Annotate/tmp_files/genome3-chromo.fst-all.fna-split5N.fna-prokkaRes/EXAM.1216.00002:header_genome3_1_5 (length 467)
Examples/1-res-Annotate/tmp_files/genome3-chromo.fst-all.fna-split5N.fna-prokkaRes/EXAM.1216.00002:header_genome3_1_6 (length 257)
Examples/1-res-Annotate/tmp_files/genome3-chromo.fst-all.fna-split5N.fna-prokkaRes/EXAM.1216.00002:header_genome3_1_7 (length 263)
Examples/1-res-Annotate/tmp_files/genome3-chromo.fst-all.fna-split5N.fna-prokkaRes/EXAM.1216.00002:header_genome3_1_8 (length 95)
Examples/1-res-Annotate/tmp_files/genome3-chromo.fst-all.fna-split5N.fna-prokkaRes/EXAM.1216.00002:genome3_plasmi_2 (length 1968)
Examples/1-res-Annotate/tmp_files/genome3-chromo.fst-all.fna-split5N.fna-prokkaRes/EXAM.1216.00002:genome3_plasmi_2_1 (length 193)
Examples/1-res-Annotate/tmp_files/genome3-chromo.fst-all.fna-split5N.fna-prokkaRes/EXAM.1216.00002:genome3_plasmi_2_2 (length 435)
Examples/1-res-Annotate/tmp_files/genome3-chromo.fst-all.fna-split5N.fna-prokkaRes/EXAM.1216.00002:genome3_plasmi_3 (length 1102)
Examples/1-res-Annotate/tmp_files/genome3-chromo.fst-all.fna-split5N.fna-prokkaRes/EXAM.1216.00002:genome3_plasmi_3_1 (length 84)
Examples/1-res-Annotate/tmp_files/genome3-chromo.fst-all.fna-split5N.fna-prokkaRes/EXAM.1216.00002:genome3_plasmi_3_2 (length 259)

DiscRep_ALL:DISC_INCONSISTENT_MOLINFO_TECH::Molinfo Technique Report (some missing, all same)
DiscRep_SUB:DISC_INCONSISTENT_MOLINFO_TECH::technique (all missing)
DiscRep_SUB:DISC_INCONSISTENT_MOLINFO_TECH::3 Molinfos are missing field technique
Examples/1-res-Annotate/tmp_files/genome3-chromo.fst-all.fna-split5N.fna-prokkaRes/EXAM.1216.00002:genome3_plasmi_2 (length 1968)
Examples/1-res-Annotate/tmp_files/genome3-chromo.fst-all.fna-split5N.fna-prokkaRes/EXAM.1216.00002:genome3_plasmi_3 (length 1102)
Examples/1-res-Annotate/tmp_files/genome3-chromo.fst-all.fna-split5N.fna-prokkaRes/EXAM.1216.00002:header_genome3_1 (length 5747)

