[13:18:42] This is prokka 1.14-dev
[13:18:42] Written by Torsten Seemann <torsten.seemann@gmail.com>
[13:18:42] Homepage is https://github.com/tseemann/prokka
[13:18:42] Local time is Tue Feb 12 13:18:42 2019
[13:18:42] You are aperrin
[13:18:42] Operating system is darwin
[13:18:42] You have BioPerl 1.006924
[13:18:42] System has 8 cores.
[13:18:42] Will use maximum of 1 cores.
[13:18:42] Annotating as >>> Bacteria <<<
[13:18:42] Generating locus_tag from 'Examples/1-res-Annotate/tmp_files/genome1.fst-split5N.fna' contents.
[13:18:42] Setting --locustag GKEGNCBE from MD5 04e07cbef9b8a6b8d550f0d6ed3a8746
[13:18:42] Creating new output folder: Examples/1-res-Annotate/tmp_files/genome1.fst-split5N.fna-prokkaRes
[13:18:42] Running: mkdir -p Examples\/1\-res\-Annotate\/tmp_files\/genome1\.fst\-split5N\.fna\-prokkaRes
[13:18:42] Using filename prefix: EXAM.0219.00001.XXX
[13:18:42] Setting HMMER_NCPU=1
[13:18:42] Writing log to: Examples/1-res-Annotate/tmp_files/genome1.fst-split5N.fna-prokkaRes/EXAM.0219.00001.log
[13:18:42] Command: /usr/local/bin/prokka --outdir Examples/1-res-Annotate/tmp_files/genome1.fst-split5N.fna-prokkaRes --cpus 1 --prefix EXAM.0219.00001 Examples/1-res-Annotate/tmp_files/genome1.fst-split5N.fna
[13:18:42] Appending to PATH: /Users/aperrin/Softwares/src/prokka/bin/../binaries/darwin
[13:18:42] Appending to PATH: /Users/aperrin/Softwares/src/prokka/bin/../binaries/darwin/../common
[13:18:42] Appending to PATH: /Users/aperrin/Softwares/src/prokka/bin
[13:18:42] Looking for 'aragorn' - found /Users/aperrin/Softwares/src/prokka/bin/../binaries/darwin/aragorn
[13:18:42] Determined aragorn version is 1.2
[13:18:42] Looking for 'barrnap' - found /usr/local/bin/barrnap
[13:18:42] Determined barrnap version is 0.8
[13:18:42] Looking for 'blastp' - found /Users/aperrin/Softwares/bin/blastp
[13:18:42] Determined blastp version is 2.3
[13:18:42] Looking for 'cmpress' - found /usr/local/bin/cmpress
[13:18:42] Determined cmpress version is 1.1
[13:18:42] Looking for 'cmscan' - found /usr/local/bin/cmscan
[13:18:42] Determined cmscan version is 1.1
[13:18:42] Looking for 'egrep' - found /usr/bin/egrep
[13:18:42] Looking for 'find' - found /usr/bin/find
[13:18:42] Looking for 'grep' - found /usr/bin/grep
[13:18:42] Looking for 'hmmpress' - found /Users/aperrin/Softwares/src/prokka/bin/../binaries/darwin/hmmpress
[13:18:42] Determined hmmpress version is 3.1
[13:18:42] Looking for 'hmmscan' - found /usr/local/bin/hmmscan
[13:18:42] Determined hmmscan version is 3.1
[13:18:42] Looking for 'java' - found /usr/bin/java
[13:18:42] Looking for 'less' - found /usr/bin/less
[13:18:42] Looking for 'makeblastdb' - found /Users/aperrin/Softwares/bin/makeblastdb
[13:18:42] Determined makeblastdb version is 2.3
[13:18:42] Looking for 'minced' - found /Users/aperrin/Softwares/src/prokka/bin/../binaries/darwin/../common/minced
[13:18:42] Determined minced version is 2.0
[13:18:42] Looking for 'parallel' - found /usr/local/bin/parallel
[13:18:42] Determined parallel version is 20181022
[13:18:42] Looking for 'prodigal' - found /usr/local/bin/prodigal
[13:18:42] Determined prodigal version is 2.6
[13:18:42] Looking for 'prokka-genbank_to_fasta_db' - found /Users/aperrin/Softwares/src/prokka/bin/prokka-genbank_to_fasta_db
[13:18:42] Looking for 'sed' - found /usr/bin/sed
[13:18:42] Looking for 'tbl2asn' - found /Users/aperrin/Softwares/src/prokka/bin/../binaries/darwin/tbl2asn
[13:18:42] Determined tbl2asn version is 25.6
[13:18:42] Using genetic code table 11.
[13:18:42] Loading and checking input file: Examples/1-res-Annotate/tmp_files/genome1.fst-split5N.fna
[13:18:42] Wrote 2 contigs totalling 9808 bp.
[13:18:42] Predicting tRNAs and tmRNAs
[13:18:42] Running: aragorn -l -gc11  -w Examples\/1\-res\-Annotate\/tmp_files\/genome1\.fst\-split5N\.fna\-prokkaRes\/EXAM\.0219\.00001\.fna
[13:18:42] Found 0 tRNAs
[13:18:42] Predicting Ribosomal RNAs
[13:18:42] Running Barrnap with 1 threads
[13:18:42] Found 0 rRNAs
[13:18:42] Skipping ncRNA search, enable with --rfam if desired.
[13:18:42] Total of 0 tRNA + rRNA features
[13:18:42] Searching for CRISPR repeats
[13:18:43] Found 0 CRISPRs
[13:18:43] Predicting coding sequences
[13:18:43] Contigs total 9808 bp, so using meta mode
[13:18:43] Running: prodigal -i Examples\/1\-res\-Annotate\/tmp_files\/genome1\.fst\-split5N\.fna\-prokkaRes\/EXAM\.0219\.00001\.fna -c -m -g 11 -p meta -f sco -q
[13:18:43] Found 11 CDS
[13:18:43] Connecting features back to sequences
[13:18:43] Not using genus-specific database. Try --usegenus to enable it.
[13:18:43] Annotating CDS, please be patient.
[13:18:43] Will use 1 CPUs for similarity searching.
[13:18:43] There are still 11 unannotated CDS left (started with 11)
[13:18:43] Will use blast to search against /Users/aperrin/Softwares/src/prokka/db/kingdom/Bacteria/sprot with 1 CPUs
[13:18:43] Running: cat Examples\/1\-res\-Annotate\/tmp_files\/genome1\.fst\-split5N\.fna\-prokkaRes\/sprot\.faa | parallel --gnu --plain -j 1 --block 1558 --recstart '>' --pipe blastp -query - -db /Users/aperrin/Softwares/src/prokka/db/kingdom/Bacteria/sprot -evalue 1e-06 -num_threads 1 -num_descriptions 1 -num_alignments 1 -seg no > Examples\/1\-res\-Annotate\/tmp_files\/genome1\.fst\-split5N\.fna\-prokkaRes\/sprot\.blast 2> /dev/null
[13:18:44] Deleting unwanted file: Examples/1-res-Annotate/tmp_files/genome1.fst-split5N.fna-prokkaRes/sprot.faa
[13:18:44] Deleting unwanted file: Examples/1-res-Annotate/tmp_files/genome1.fst-split5N.fna-prokkaRes/sprot.blast
[13:18:44] There are still 4 unannotated CDS left (started with 11)
[13:18:44] Will use hmmer3 to search against /Users/aperrin/Softwares/src/prokka/db/hmm/HAMAP.hmm with 1 CPUs
[13:18:44] Running: cat Examples\/1\-res\-Annotate\/tmp_files\/genome1\.fst\-split5N\.fna\-prokkaRes\/HAMAP\.hmm\.faa | parallel --gnu --plain -j 1 --block 459 --recstart '>' --pipe hmmscan --noali --notextw --acc -E 1e-06 --cpu 1 /Users/aperrin/Softwares/src/prokka/db/hmm/HAMAP.hmm /dev/stdin > Examples\/1\-res\-Annotate\/tmp_files\/genome1\.fst\-split5N\.fna\-prokkaRes\/HAMAP\.hmm\.hmmer3 2> /dev/null
[13:18:44] Deleting unwanted file: Examples/1-res-Annotate/tmp_files/genome1.fst-split5N.fna-prokkaRes/HAMAP.hmm.faa
[13:18:44] Deleting unwanted file: Examples/1-res-Annotate/tmp_files/genome1.fst-split5N.fna-prokkaRes/HAMAP.hmm.hmmer3
[13:18:44] Labelling remaining 4 proteins as 'hypothetical protein'
[13:18:44] Possible /pseudo 'tRNA (guanine-N(1)-)-methyltransferase' at genome1_2 position 3427
[13:18:44] Found 6 unique /gene codes.
[13:18:44] Fixed 2 duplicate /gene - trmD_1 trmD_2
[13:18:44] Fixed 1 colliding /gene names.
[13:18:44] Adding /locus_tag identifiers
[13:18:44] Assigned 11 locus_tags to CDS and RNA features.
[13:18:44] Writing outputs to Examples/1-res-Annotate/tmp_files/genome1.fst-split5N.fna-prokkaRes/
[13:18:44] Generating annotation statistics file
[13:18:44] Generating Genbank and Sequin files
[13:18:44] Running: tbl2asn -V b -a r10k -l paired-ends -M n -N 1 -y 'Annotated using prokka 1.14-dev from https://github.com/tseemann/prokka' -Z Examples\/1\-res\-Annotate\/tmp_files\/genome1\.fst\-split5N\.fna\-prokkaRes\/EXAM\.0219\.00001\.err -i Examples\/1\-res\-Annotate\/tmp_files\/genome1\.fst\-split5N\.fna\-prokkaRes\/EXAM\.0219\.00001\.fsa 2> /dev/null
[13:18:45] Deleting unwanted file: Examples/1-res-Annotate/tmp_files/genome1.fst-split5N.fna-prokkaRes/errorsummary.val
[13:18:45] Deleting unwanted file: Examples/1-res-Annotate/tmp_files/genome1.fst-split5N.fna-prokkaRes/EXAM.0219.00001.dr
[13:18:45] Deleting unwanted file: Examples/1-res-Annotate/tmp_files/genome1.fst-split5N.fna-prokkaRes/EXAM.0219.00001.fixedproducts
[13:18:45] Deleting unwanted file: Examples/1-res-Annotate/tmp_files/genome1.fst-split5N.fna-prokkaRes/EXAM.0219.00001.ecn
[13:18:45] Deleting unwanted file: Examples/1-res-Annotate/tmp_files/genome1.fst-split5N.fna-prokkaRes/EXAM.0219.00001.val
[13:18:45] Repairing broken .GBK output that tbl2asn produces...
[13:18:45] Running: sed 's/COORDINATES: profile/COORDINATES:profile/' < Examples\/1\-res\-Annotate\/tmp_files\/genome1\.fst\-split5N\.fna\-prokkaRes\/EXAM\.0219\.00001\.gbf > Examples\/1\-res\-Annotate\/tmp_files\/genome1\.fst\-split5N\.fna\-prokkaRes\/EXAM\.0219\.00001\.gbk
[13:18:45] Deleting unwanted file: Examples/1-res-Annotate/tmp_files/genome1.fst-split5N.fna-prokkaRes/EXAM.0219.00001.gbf
[13:18:45] Output files:
[13:18:45] Examples/1-res-Annotate/tmp_files/genome1.fst-split5N.fna-prokkaRes/EXAM.0219.00001.txt
[13:18:45] Examples/1-res-Annotate/tmp_files/genome1.fst-split5N.fna-prokkaRes/EXAM.0219.00001.tsv
[13:18:45] Examples/1-res-Annotate/tmp_files/genome1.fst-split5N.fna-prokkaRes/EXAM.0219.00001.fna
[13:18:45] Examples/1-res-Annotate/tmp_files/genome1.fst-split5N.fna-prokkaRes/EXAM.0219.00001.err
[13:18:45] Examples/1-res-Annotate/tmp_files/genome1.fst-split5N.fna-prokkaRes/EXAM.0219.00001.gff
[13:18:45] Examples/1-res-Annotate/tmp_files/genome1.fst-split5N.fna-prokkaRes/EXAM.0219.00001.sqn
[13:18:45] Examples/1-res-Annotate/tmp_files/genome1.fst-split5N.fna-prokkaRes/EXAM.0219.00001.tbl
[13:18:45] Examples/1-res-Annotate/tmp_files/genome1.fst-split5N.fna-prokkaRes/EXAM.0219.00001.gbk
[13:18:45] Examples/1-res-Annotate/tmp_files/genome1.fst-split5N.fna-prokkaRes/EXAM.0219.00001.log
[13:18:45] Examples/1-res-Annotate/tmp_files/genome1.fst-split5N.fna-prokkaRes/EXAM.0219.00001.ffn
[13:18:45] Examples/1-res-Annotate/tmp_files/genome1.fst-split5N.fna-prokkaRes/EXAM.0219.00001.faa
[13:18:45] Examples/1-res-Annotate/tmp_files/genome1.fst-split5N.fna-prokkaRes/EXAM.0219.00001.fsa
[13:18:45] Annotation finished successfully.
[13:18:45] Walltime used: 0.05 minutes
[13:18:45] If you use this result please cite the Prokka paper:
[13:18:45] Seemann T (2014) Prokka: rapid prokaryotic genome annotation. Bioinformatics. 30(14):2068-9.
[13:18:45] Type 'prokka --citation' for more details.
[13:18:45] Share and enjoy!
