[13:18:51] This is prokka 1.14-dev
[13:18:51] Written by Torsten Seemann <torsten.seemann@gmail.com>
[13:18:51] Homepage is https://github.com/tseemann/prokka
[13:18:51] Local time is Tue Feb 12 13:18:51 2019
[13:18:51] You are aperrin
[13:18:51] Operating system is darwin
[13:18:51] You have BioPerl 1.006924
[13:18:51] System has 8 cores.
[13:18:51] Will use maximum of 1 cores.
[13:18:51] Annotating as >>> Bacteria <<<
[13:18:51] Generating locus_tag from 'Examples/1-res-Annotate/tmp_files/genome4.fst-split5N.fna' contents.
[13:18:51] Setting --locustag LIKMDGFN from MD5 5246d0f7b5f59e1da550241263d19049
[13:18:51] Creating new output folder: Examples/1-res-Annotate/tmp_files/genome4.fst-split5N.fna-prokkaRes
[13:18:51] Running: mkdir -p Examples\/1\-res\-Annotate\/tmp_files\/genome4\.fst\-split5N\.fna\-prokkaRes
[13:18:51] Using filename prefix: GEN4.1111.00001.XXX
[13:18:51] Setting HMMER_NCPU=1
[13:18:51] Writing log to: Examples/1-res-Annotate/tmp_files/genome4.fst-split5N.fna-prokkaRes/GEN4.1111.00001.log
[13:18:51] Command: /usr/local/bin/prokka --outdir Examples/1-res-Annotate/tmp_files/genome4.fst-split5N.fna-prokkaRes --cpus 1 --prefix GEN4.1111.00001 Examples/1-res-Annotate/tmp_files/genome4.fst-split5N.fna
[13:18:51] Appending to PATH: /Users/aperrin/Softwares/src/prokka/bin/../binaries/darwin
[13:18:51] Appending to PATH: /Users/aperrin/Softwares/src/prokka/bin/../binaries/darwin/../common
[13:18:51] Appending to PATH: /Users/aperrin/Softwares/src/prokka/bin
[13:18:51] Looking for 'aragorn' - found /Users/aperrin/Softwares/src/prokka/bin/../binaries/darwin/aragorn
[13:18:51] Determined aragorn version is 1.2
[13:18:51] Looking for 'barrnap' - found /usr/local/bin/barrnap
[13:18:51] Determined barrnap version is 0.8
[13:18:51] Looking for 'blastp' - found /Users/aperrin/Softwares/bin/blastp
[13:18:51] Determined blastp version is 2.3
[13:18:51] Looking for 'cmpress' - found /usr/local/bin/cmpress
[13:18:51] Determined cmpress version is 1.1
[13:18:51] Looking for 'cmscan' - found /usr/local/bin/cmscan
[13:18:51] Determined cmscan version is 1.1
[13:18:51] Looking for 'egrep' - found /usr/bin/egrep
[13:18:51] Looking for 'find' - found /usr/bin/find
[13:18:51] Looking for 'grep' - found /usr/bin/grep
[13:18:51] Looking for 'hmmpress' - found /Users/aperrin/Softwares/src/prokka/bin/../binaries/darwin/hmmpress
[13:18:51] Determined hmmpress version is 3.1
[13:18:51] Looking for 'hmmscan' - found /usr/local/bin/hmmscan
[13:18:51] Determined hmmscan version is 3.1
[13:18:51] Looking for 'java' - found /usr/bin/java
[13:18:51] Looking for 'less' - found /usr/bin/less
[13:18:51] Looking for 'makeblastdb' - found /Users/aperrin/Softwares/bin/makeblastdb
[13:18:51] Determined makeblastdb version is 2.3
[13:18:51] Looking for 'minced' - found /Users/aperrin/Softwares/src/prokka/bin/../binaries/darwin/../common/minced
[13:18:51] Determined minced version is 2.0
[13:18:51] Looking for 'parallel' - found /usr/local/bin/parallel
[13:18:52] Determined parallel version is 20181022
[13:18:52] Looking for 'prodigal' - found /usr/local/bin/prodigal
[13:18:52] Determined prodigal version is 2.6
[13:18:52] Looking for 'prokka-genbank_to_fasta_db' - found /Users/aperrin/Softwares/src/prokka/bin/prokka-genbank_to_fasta_db
[13:18:52] Looking for 'sed' - found /usr/bin/sed
[13:18:52] Looking for 'tbl2asn' - found /Users/aperrin/Softwares/src/prokka/bin/../binaries/darwin/tbl2asn
[13:18:52] Determined tbl2asn version is 25.6
[13:18:52] Using genetic code table 11.
[13:18:52] Loading and checking input file: Examples/1-res-Annotate/tmp_files/genome4.fst-split5N.fna
[13:18:52] Wrote 1 contigs totalling 7134 bp.
[13:18:52] Predicting tRNAs and tmRNAs
[13:18:52] Running: aragorn -l -gc11  -w Examples\/1\-res\-Annotate\/tmp_files\/genome4\.fst\-split5N\.fna\-prokkaRes\/GEN4\.1111\.00001\.fna
[13:18:52] Found 0 tRNAs
[13:18:52] Predicting Ribosomal RNAs
[13:18:52] Running Barrnap with 1 threads
[13:18:52] Found 0 rRNAs
[13:18:52] Skipping ncRNA search, enable with --rfam if desired.
[13:18:52] Total of 0 tRNA + rRNA features
[13:18:52] Searching for CRISPR repeats
[13:18:52] Found 0 CRISPRs
[13:18:52] Predicting coding sequences
[13:18:52] Contigs total 7134 bp, so using meta mode
[13:18:52] Running: prodigal -i Examples\/1\-res\-Annotate\/tmp_files\/genome4\.fst\-split5N\.fna\-prokkaRes\/GEN4\.1111\.00001\.fna -c -m -g 11 -p meta -f sco -q
[13:18:52] Found 9 CDS
[13:18:52] Connecting features back to sequences
[13:18:52] Not using genus-specific database. Try --usegenus to enable it.
[13:18:52] Annotating CDS, please be patient.
[13:18:52] Will use 1 CPUs for similarity searching.
[13:18:52] There are still 9 unannotated CDS left (started with 9)
[13:18:52] Will use blast to search against /Users/aperrin/Softwares/src/prokka/db/kingdom/Bacteria/sprot with 1 CPUs
[13:18:52] Running: cat Examples\/1\-res\-Annotate\/tmp_files\/genome4\.fst\-split5N\.fna\-prokkaRes\/sprot\.faa | parallel --gnu --plain -j 1 --block 1161 --recstart '>' --pipe blastp -query - -db /Users/aperrin/Softwares/src/prokka/db/kingdom/Bacteria/sprot -evalue 1e-06 -num_threads 1 -num_descriptions 1 -num_alignments 1 -seg no > Examples\/1\-res\-Annotate\/tmp_files\/genome4\.fst\-split5N\.fna\-prokkaRes\/sprot\.blast 2> /dev/null
[13:18:53] Deleting unwanted file: Examples/1-res-Annotate/tmp_files/genome4.fst-split5N.fna-prokkaRes/sprot.faa
[13:18:53] Deleting unwanted file: Examples/1-res-Annotate/tmp_files/genome4.fst-split5N.fna-prokkaRes/sprot.blast
[13:18:53] There are still 3 unannotated CDS left (started with 9)
[13:18:53] Will use hmmer3 to search against /Users/aperrin/Softwares/src/prokka/db/hmm/HAMAP.hmm with 1 CPUs
[13:18:53] Running: cat Examples\/1\-res\-Annotate\/tmp_files\/genome4\.fst\-split5N\.fna\-prokkaRes\/HAMAP\.hmm\.faa | parallel --gnu --plain -j 1 --block 379 --recstart '>' --pipe hmmscan --noali --notextw --acc -E 1e-06 --cpu 1 /Users/aperrin/Softwares/src/prokka/db/hmm/HAMAP.hmm /dev/stdin > Examples\/1\-res\-Annotate\/tmp_files\/genome4\.fst\-split5N\.fna\-prokkaRes\/HAMAP\.hmm\.hmmer3 2> /dev/null
[13:18:53] Deleting unwanted file: Examples/1-res-Annotate/tmp_files/genome4.fst-split5N.fna-prokkaRes/HAMAP.hmm.faa
[13:18:53] Deleting unwanted file: Examples/1-res-Annotate/tmp_files/genome4.fst-split5N.fna-prokkaRes/HAMAP.hmm.hmmer3
[13:18:53] Labelling remaining 3 proteins as 'hypothetical protein'
[13:18:53] Found 6 unique /gene codes.
[13:18:53] Fixed 0 colliding /gene names.
[13:18:53] Adding /locus_tag identifiers
[13:18:53] Assigned 9 locus_tags to CDS and RNA features.
[13:18:53] Writing outputs to Examples/1-res-Annotate/tmp_files/genome4.fst-split5N.fna-prokkaRes/
[13:18:53] Generating annotation statistics file
[13:18:53] Generating Genbank and Sequin files
[13:18:53] Running: tbl2asn -V b -a r10k -l paired-ends -M n -N 1 -y 'Annotated using prokka 1.14-dev from https://github.com/tseemann/prokka' -Z Examples\/1\-res\-Annotate\/tmp_files\/genome4\.fst\-split5N\.fna\-prokkaRes\/GEN4\.1111\.00001\.err -i Examples\/1\-res\-Annotate\/tmp_files\/genome4\.fst\-split5N\.fna\-prokkaRes\/GEN4\.1111\.00001\.fsa 2> /dev/null
[13:18:54] Deleting unwanted file: Examples/1-res-Annotate/tmp_files/genome4.fst-split5N.fna-prokkaRes/errorsummary.val
[13:18:54] Deleting unwanted file: Examples/1-res-Annotate/tmp_files/genome4.fst-split5N.fna-prokkaRes/GEN4.1111.00001.dr
[13:18:54] Deleting unwanted file: Examples/1-res-Annotate/tmp_files/genome4.fst-split5N.fna-prokkaRes/GEN4.1111.00001.fixedproducts
[13:18:54] Deleting unwanted file: Examples/1-res-Annotate/tmp_files/genome4.fst-split5N.fna-prokkaRes/GEN4.1111.00001.ecn
[13:18:54] Deleting unwanted file: Examples/1-res-Annotate/tmp_files/genome4.fst-split5N.fna-prokkaRes/GEN4.1111.00001.val
[13:18:54] Repairing broken .GBK output that tbl2asn produces...
[13:18:54] Running: sed 's/COORDINATES: profile/COORDINATES:profile/' < Examples\/1\-res\-Annotate\/tmp_files\/genome4\.fst\-split5N\.fna\-prokkaRes\/GEN4\.1111\.00001\.gbf > Examples\/1\-res\-Annotate\/tmp_files\/genome4\.fst\-split5N\.fna\-prokkaRes\/GEN4\.1111\.00001\.gbk
[13:18:54] Deleting unwanted file: Examples/1-res-Annotate/tmp_files/genome4.fst-split5N.fna-prokkaRes/GEN4.1111.00001.gbf
[13:18:54] Output files:
[13:18:54] Examples/1-res-Annotate/tmp_files/genome4.fst-split5N.fna-prokkaRes/GEN4.1111.00001.fsa
[13:18:54] Examples/1-res-Annotate/tmp_files/genome4.fst-split5N.fna-prokkaRes/GEN4.1111.00001.faa
[13:18:54] Examples/1-res-Annotate/tmp_files/genome4.fst-split5N.fna-prokkaRes/GEN4.1111.00001.log
[13:18:54] Examples/1-res-Annotate/tmp_files/genome4.fst-split5N.fna-prokkaRes/GEN4.1111.00001.ffn
[13:18:54] Examples/1-res-Annotate/tmp_files/genome4.fst-split5N.fna-prokkaRes/GEN4.1111.00001.gbk
[13:18:54] Examples/1-res-Annotate/tmp_files/genome4.fst-split5N.fna-prokkaRes/GEN4.1111.00001.gff
[13:18:54] Examples/1-res-Annotate/tmp_files/genome4.fst-split5N.fna-prokkaRes/GEN4.1111.00001.tbl
[13:18:54] Examples/1-res-Annotate/tmp_files/genome4.fst-split5N.fna-prokkaRes/GEN4.1111.00001.sqn
[13:18:54] Examples/1-res-Annotate/tmp_files/genome4.fst-split5N.fna-prokkaRes/GEN4.1111.00001.tsv
[13:18:54] Examples/1-res-Annotate/tmp_files/genome4.fst-split5N.fna-prokkaRes/GEN4.1111.00001.fna
[13:18:54] Examples/1-res-Annotate/tmp_files/genome4.fst-split5N.fna-prokkaRes/GEN4.1111.00001.err
[13:18:54] Examples/1-res-Annotate/tmp_files/genome4.fst-split5N.fna-prokkaRes/GEN4.1111.00001.txt
[13:18:54] Annotation finished successfully.
[13:18:54] Walltime used: 0.05 minutes
[13:18:54] If you use this result please cite the Prokka paper:
[13:18:54] Seemann T (2014) Prokka: rapid prokaryotic genome annotation. Bioinformatics. 30(14):2068-9.
[13:18:54] Type 'prokka --citation' for more details.
[13:18:54] Share and enjoy!
