[13:18:48] This is prokka 1.14-dev
[13:18:48] Written by Torsten Seemann <torsten.seemann@gmail.com>
[13:18:48] Homepage is https://github.com/tseemann/prokka
[13:18:48] Local time is Tue Feb 12 13:18:48 2019
[13:18:48] You are aperrin
[13:18:48] Operating system is darwin
[13:18:48] You have BioPerl 1.006924
[13:18:48] System has 8 cores.
[13:18:48] Will use maximum of 1 cores.
[13:18:48] Annotating as >>> Bacteria <<<
[13:18:48] Generating locus_tag from 'Examples/1-res-Annotate/tmp_files/genome3-chromo.fst-all.fna-split5N.fna' contents.
[13:18:48] Setting --locustag PFKCIMHH from MD5 9f4c2611ce3f44c6b2e6fb97579c5725
[13:18:48] Creating new output folder: Examples/1-res-Annotate/tmp_files/genome3-chromo.fst-all.fna-split5N.fna-prokkaRes
[13:18:48] Running: mkdir -p Examples\/1\-res\-Annotate\/tmp_files\/genome3\-chromo\.fst\-all\.fna\-split5N\.fna\-prokkaRes
[13:18:48] Using filename prefix: EXAM.1216.00002.XXX
[13:18:48] Setting HMMER_NCPU=1
[13:18:48] Writing log to: Examples/1-res-Annotate/tmp_files/genome3-chromo.fst-all.fna-split5N.fna-prokkaRes/EXAM.1216.00002.log
[13:18:48] Command: /usr/local/bin/prokka --outdir Examples/1-res-Annotate/tmp_files/genome3-chromo.fst-all.fna-split5N.fna-prokkaRes --cpus 1 --prefix EXAM.1216.00002 Examples/1-res-Annotate/tmp_files/genome3-chromo.fst-all.fna-split5N.fna
[13:18:48] Appending to PATH: /Users/aperrin/Softwares/src/prokka/bin/../binaries/darwin
[13:18:48] Appending to PATH: /Users/aperrin/Softwares/src/prokka/bin/../binaries/darwin/../common
[13:18:48] Appending to PATH: /Users/aperrin/Softwares/src/prokka/bin
[13:18:48] Looking for 'aragorn' - found /Users/aperrin/Softwares/src/prokka/bin/../binaries/darwin/aragorn
[13:18:48] Determined aragorn version is 1.2
[13:18:48] Looking for 'barrnap' - found /usr/local/bin/barrnap
[13:18:48] Determined barrnap version is 0.8
[13:18:48] Looking for 'blastp' - found /Users/aperrin/Softwares/bin/blastp
[13:18:48] Determined blastp version is 2.3
[13:18:48] Looking for 'cmpress' - found /usr/local/bin/cmpress
[13:18:48] Determined cmpress version is 1.1
[13:18:48] Looking for 'cmscan' - found /usr/local/bin/cmscan
[13:18:48] Determined cmscan version is 1.1
[13:18:48] Looking for 'egrep' - found /usr/bin/egrep
[13:18:48] Looking for 'find' - found /usr/bin/find
[13:18:48] Looking for 'grep' - found /usr/bin/grep
[13:18:48] Looking for 'hmmpress' - found /Users/aperrin/Softwares/src/prokka/bin/../binaries/darwin/hmmpress
[13:18:48] Determined hmmpress version is 3.1
[13:18:48] Looking for 'hmmscan' - found /usr/local/bin/hmmscan
[13:18:48] Determined hmmscan version is 3.1
[13:18:48] Looking for 'java' - found /usr/bin/java
[13:18:48] Looking for 'less' - found /usr/bin/less
[13:18:48] Looking for 'makeblastdb' - found /Users/aperrin/Softwares/bin/makeblastdb
[13:18:48] Determined makeblastdb version is 2.3
[13:18:48] Looking for 'minced' - found /Users/aperrin/Softwares/src/prokka/bin/../binaries/darwin/../common/minced
[13:18:48] Determined minced version is 2.0
[13:18:48] Looking for 'parallel' - found /usr/local/bin/parallel
[13:18:49] Determined parallel version is 20181022
[13:18:49] Looking for 'prodigal' - found /usr/local/bin/prodigal
[13:18:49] Determined prodigal version is 2.6
[13:18:49] Looking for 'prokka-genbank_to_fasta_db' - found /Users/aperrin/Softwares/src/prokka/bin/prokka-genbank_to_fasta_db
[13:18:49] Looking for 'sed' - found /usr/bin/sed
[13:18:49] Looking for 'tbl2asn' - found /Users/aperrin/Softwares/src/prokka/bin/../binaries/darwin/tbl2asn
[13:18:49] Determined tbl2asn version is 25.6
[13:18:49] Using genetic code table 11.
[13:18:49] Loading and checking input file: Examples/1-res-Annotate/tmp_files/genome3-chromo.fst-all.fna-split5N.fna
[13:18:49] Wrote 3 contigs totalling 8817 bp.
[13:18:49] Predicting tRNAs and tmRNAs
[13:18:49] Running: aragorn -l -gc11  -w Examples\/1\-res\-Annotate\/tmp_files\/genome3\-chromo\.fst\-all\.fna\-split5N\.fna\-prokkaRes\/EXAM\.1216\.00002\.fna
[13:18:49] Found 0 tRNAs
[13:18:49] Predicting Ribosomal RNAs
[13:18:49] Running Barrnap with 1 threads
[13:18:49] Found 0 rRNAs
[13:18:49] Skipping ncRNA search, enable with --rfam if desired.
[13:18:49] Total of 0 tRNA + rRNA features
[13:18:49] Searching for CRISPR repeats
[13:18:49] Found 0 CRISPRs
[13:18:49] Predicting coding sequences
[13:18:49] Contigs total 8817 bp, so using meta mode
[13:18:49] Running: prodigal -i Examples\/1\-res\-Annotate\/tmp_files\/genome3\-chromo\.fst\-all\.fna\-split5N\.fna\-prokkaRes\/EXAM\.1216\.00002\.fna -c -m -g 11 -p meta -f sco -q
[13:18:49] Found 12 CDS
[13:18:49] Connecting features back to sequences
[13:18:49] Not using genus-specific database. Try --usegenus to enable it.
[13:18:49] Annotating CDS, please be patient.
[13:18:49] Will use 1 CPUs for similarity searching.
[13:18:49] There are still 12 unannotated CDS left (started with 12)
[13:18:49] Will use blast to search against /Users/aperrin/Softwares/src/prokka/db/kingdom/Bacteria/sprot with 1 CPUs
[13:18:49] Running: cat Examples\/1\-res\-Annotate\/tmp_files\/genome3\-chromo\.fst\-all\.fna\-split5N\.fna\-prokkaRes\/sprot\.faa | parallel --gnu --plain -j 1 --block 1443 --recstart '>' --pipe blastp -query - -db /Users/aperrin/Softwares/src/prokka/db/kingdom/Bacteria/sprot -evalue 1e-06 -num_threads 1 -num_descriptions 1 -num_alignments 1 -seg no > Examples\/1\-res\-Annotate\/tmp_files\/genome3\-chromo\.fst\-all\.fna\-split5N\.fna\-prokkaRes\/sprot\.blast 2> /dev/null
[13:18:50] Deleting unwanted file: Examples/1-res-Annotate/tmp_files/genome3-chromo.fst-all.fna-split5N.fna-prokkaRes/sprot.faa
[13:18:50] Deleting unwanted file: Examples/1-res-Annotate/tmp_files/genome3-chromo.fst-all.fna-split5N.fna-prokkaRes/sprot.blast
[13:18:50] There are still 4 unannotated CDS left (started with 12)
[13:18:50] Will use hmmer3 to search against /Users/aperrin/Softwares/src/prokka/db/hmm/HAMAP.hmm with 1 CPUs
[13:18:50] Running: cat Examples\/1\-res\-Annotate\/tmp_files\/genome3\-chromo\.fst\-all\.fna\-split5N\.fna\-prokkaRes\/HAMAP\.hmm\.faa | parallel --gnu --plain -j 1 --block 427 --recstart '>' --pipe hmmscan --noali --notextw --acc -E 1e-06 --cpu 1 /Users/aperrin/Softwares/src/prokka/db/hmm/HAMAP.hmm /dev/stdin > Examples\/1\-res\-Annotate\/tmp_files\/genome3\-chromo\.fst\-all\.fna\-split5N\.fna\-prokkaRes\/HAMAP\.hmm\.hmmer3 2> /dev/null
[13:18:51] Deleting unwanted file: Examples/1-res-Annotate/tmp_files/genome3-chromo.fst-all.fna-split5N.fna-prokkaRes/HAMAP.hmm.faa
[13:18:51] Deleting unwanted file: Examples/1-res-Annotate/tmp_files/genome3-chromo.fst-all.fna-split5N.fna-prokkaRes/HAMAP.hmm.hmmer3
[13:18:51] Labelling remaining 4 proteins as 'hypothetical protein'
[13:18:51] Possible /pseudo 'N-acetylmuramoyl-L-alanine amidase AmiD' at header_genome3_1 position 880
[13:18:51] Found 6 unique /gene codes.
[13:18:51] Fixed 2 duplicate /gene - amiD_1 amiD_2
[13:18:51] Fixed 1 colliding /gene names.
[13:18:51] Adding /locus_tag identifiers
[13:18:51] Assigned 12 locus_tags to CDS and RNA features.
[13:18:51] Writing outputs to Examples/1-res-Annotate/tmp_files/genome3-chromo.fst-all.fna-split5N.fna-prokkaRes/
[13:18:51] Generating annotation statistics file
[13:18:51] Generating Genbank and Sequin files
[13:18:51] Running: tbl2asn -V b -a r10k -l paired-ends -M n -N 1 -y 'Annotated using prokka 1.14-dev from https://github.com/tseemann/prokka' -Z Examples\/1\-res\-Annotate\/tmp_files\/genome3\-chromo\.fst\-all\.fna\-split5N\.fna\-prokkaRes\/EXAM\.1216\.00002\.err -i Examples\/1\-res\-Annotate\/tmp_files\/genome3\-chromo\.fst\-all\.fna\-split5N\.fna\-prokkaRes\/EXAM\.1216\.00002\.fsa 2> /dev/null
[13:18:51] Deleting unwanted file: Examples/1-res-Annotate/tmp_files/genome3-chromo.fst-all.fna-split5N.fna-prokkaRes/errorsummary.val
[13:18:51] Deleting unwanted file: Examples/1-res-Annotate/tmp_files/genome3-chromo.fst-all.fna-split5N.fna-prokkaRes/EXAM.1216.00002.dr
[13:18:51] Deleting unwanted file: Examples/1-res-Annotate/tmp_files/genome3-chromo.fst-all.fna-split5N.fna-prokkaRes/EXAM.1216.00002.fixedproducts
[13:18:51] Deleting unwanted file: Examples/1-res-Annotate/tmp_files/genome3-chromo.fst-all.fna-split5N.fna-prokkaRes/EXAM.1216.00002.ecn
[13:18:51] Deleting unwanted file: Examples/1-res-Annotate/tmp_files/genome3-chromo.fst-all.fna-split5N.fna-prokkaRes/EXAM.1216.00002.val
[13:18:51] Repairing broken .GBK output that tbl2asn produces...
[13:18:51] Running: sed 's/COORDINATES: profile/COORDINATES:profile/' < Examples\/1\-res\-Annotate\/tmp_files\/genome3\-chromo\.fst\-all\.fna\-split5N\.fna\-prokkaRes\/EXAM\.1216\.00002\.gbf > Examples\/1\-res\-Annotate\/tmp_files\/genome3\-chromo\.fst\-all\.fna\-split5N\.fna\-prokkaRes\/EXAM\.1216\.00002\.gbk
[13:18:51] Deleting unwanted file: Examples/1-res-Annotate/tmp_files/genome3-chromo.fst-all.fna-split5N.fna-prokkaRes/EXAM.1216.00002.gbf
[13:18:51] Output files:
[13:18:51] Examples/1-res-Annotate/tmp_files/genome3-chromo.fst-all.fna-split5N.fna-prokkaRes/EXAM.1216.00002.log
[13:18:51] Examples/1-res-Annotate/tmp_files/genome3-chromo.fst-all.fna-split5N.fna-prokkaRes/EXAM.1216.00002.ffn
[13:18:51] Examples/1-res-Annotate/tmp_files/genome3-chromo.fst-all.fna-split5N.fna-prokkaRes/EXAM.1216.00002.gbk
[13:18:51] Examples/1-res-Annotate/tmp_files/genome3-chromo.fst-all.fna-split5N.fna-prokkaRes/EXAM.1216.00002.fsa
[13:18:51] Examples/1-res-Annotate/tmp_files/genome3-chromo.fst-all.fna-split5N.fna-prokkaRes/EXAM.1216.00002.faa
[13:18:51] Examples/1-res-Annotate/tmp_files/genome3-chromo.fst-all.fna-split5N.fna-prokkaRes/EXAM.1216.00002.txt
[13:18:51] Examples/1-res-Annotate/tmp_files/genome3-chromo.fst-all.fna-split5N.fna-prokkaRes/EXAM.1216.00002.gff
[13:18:51] Examples/1-res-Annotate/tmp_files/genome3-chromo.fst-all.fna-split5N.fna-prokkaRes/EXAM.1216.00002.tbl
[13:18:51] Examples/1-res-Annotate/tmp_files/genome3-chromo.fst-all.fna-split5N.fna-prokkaRes/EXAM.1216.00002.sqn
[13:18:51] Examples/1-res-Annotate/tmp_files/genome3-chromo.fst-all.fna-split5N.fna-prokkaRes/EXAM.1216.00002.tsv
[13:18:51] Examples/1-res-Annotate/tmp_files/genome3-chromo.fst-all.fna-split5N.fna-prokkaRes/EXAM.1216.00002.fna
[13:18:51] Examples/1-res-Annotate/tmp_files/genome3-chromo.fst-all.fna-split5N.fna-prokkaRes/EXAM.1216.00002.err
[13:18:51] Annotation finished successfully.
[13:18:51] Walltime used: 0.05 minutes
[13:18:51] If you use this result please cite the Prokka paper:
[13:18:51] Seemann T (2014) Prokka: rapid prokaryotic genome annotation. Bioinformatics. 30(14):2068-9.
[13:18:51] Type 'prokka --citation' for more details.
[13:18:51] Share and enjoy!
